[10-Jan-2021 14:10:13 UTC] PHP Deprecated:  Required parameter $post_id follows optional parameter $field_data in C:\xampp\htdocs\NHASACHDETAN\wp-content\plugins\cartflows\classes\class-cartflows-helper.php on line 478
[10-Jan-2021 14:10:13 UTC] PHP Deprecated:  Required parameter $from_date follows optional parameter $type in C:\xampp\htdocs\NHASACHDETAN\wp-content\plugins\woo-cart-abandonment-recovery\modules\cart-abandonment\class-cartflows-ca-cart-abandonment.php on line 1362
[10-Jan-2021 14:10:13 UTC] PHP Deprecated:  Required parameter $to_date follows optional parameter $type in C:\xampp\htdocs\NHASACHDETAN\wp-content\plugins\woo-cart-abandonment-recovery\modules\cart-abandonment\class-cartflows-ca-cart-abandonment.php on line 1362
[10-Jan-2021 14:10:13 UTC] PHP Deprecated:  Required parameter $post_id follows optional parameter $field_data in C:\xampp\htdocs\NHASACHDETAN\wp-content\plugins\cartflows\classes\class-cartflows-helper.php on line 478
[10-Jan-2021 14:10:13 UTC] PHP Deprecated:  Required parameter $from_date follows optional parameter $type in C:\xampp\htdocs\NHASACHDETAN\wp-content\plugins\woo-cart-abandonment-recovery\modules\cart-abandonment\class-cartflows-ca-cart-abandonment.php on line 1362
[10-Jan-2021 14:10:13 UTC] PHP Deprecated:  Required parameter $to_date follows optional parameter $type in C:\xampp\htdocs\NHASACHDETAN\wp-content\plugins\woo-cart-abandonment-recovery\modules\cart-abandonment\class-cartflows-ca-cart-abandonment.php on line 1362
[10-Jan-2021 14:10:15 UTC] PHP Deprecated:  Required parameter $post_id follows optional parameter $field_data in C:\xampp\htdocs\NHASACHDETAN\wp-content\plugins\cartflows\classes\class-cartflows-helper.php on line 478
[10-Jan-2021 14:10:15 UTC] PHP Deprecated:  Required parameter $from_date follows optional parameter $type in C:\xampp\htdocs\NHASACHDETAN\wp-content\plugins\woo-cart-abandonment-recovery\modules\cart-abandonment\class-cartflows-ca-cart-abandonment.php on line 1362
[10-Jan-2021 14:10:15 UTC] PHP Deprecated:  Required parameter $to_date follows optional parameter $type in C:\xampp\htdocs\NHASACHDETAN\wp-content\plugins\woo-cart-abandonment-recovery\modules\cart-abandonment\class-cartflows-ca-cart-abandonment.php on line 1362
[10-Jan-2021 14:10:16 UTC] PHP Deprecated:  Required parameter $post_id follows optional parameter $field_data in C:\xampp\htdocs\NHASACHDETAN\wp-content\plugins\cartflows\classes\class-cartflows-helper.php on line 478
[10-Jan-2021 14:10:16 UTC] PHP Deprecated:  Required parameter $from_date follows optional parameter $type in C:\xampp\htdocs\NHASACHDETAN\wp-content\plugins\woo-cart-abandonment-recovery\modules\cart-abandonment\class-cartflows-ca-cart-abandonment.php on line 1362
[10-Jan-2021 14:10:16 UTC] PHP Deprecated:  Required parameter $to_date follows optional parameter $type in C:\xampp\htdocs\NHASACHDETAN\wp-content\plugins\woo-cart-abandonment-recovery\modules\cart-abandonment\class-cartflows-ca-cart-abandonment.php on line 1362
[10-Jan-2021 14:10:17 UTC] PHP Deprecated:  Required parameter $post_id follows optional parameter $field_data in C:\xampp\htdocs\NHASACHDETAN\wp-content\plugins\cartflows\classes\class-cartflows-helper.php on line 478
[10-Jan-2021 14:10:17 UTC] PHP Deprecated:  Required parameter $from_date follows optional parameter $type in C:\xampp\htdocs\NHASACHDETAN\wp-content\plugins\woo-cart-abandonment-recovery\modules\cart-abandonment\class-cartflows-ca-cart-abandonment.php on line 1362
[10-Jan-2021 14:10:17 UTC] PHP Deprecated:  Required parameter $to_date follows optional parameter $type in C:\xampp\htdocs\NHASACHDETAN\wp-content\plugins\woo-cart-abandonment-recovery\modules\cart-abandonment\class-cartflows-ca-cart-abandonment.php on line 1362
[10-Jan-2021 14:10:17 UTC] PHP Deprecated:  Required parameter $post_id follows optional parameter $field_data in C:\xampp\htdocs\NHASACHDETAN\wp-content\plugins\cartflows\classes\class-cartflows-helper.php on line 478
[10-Jan-2021 14:10:17 UTC] PHP Deprecated:  Required parameter $from_date follows optional parameter $type in C:\xampp\htdocs\NHASACHDETAN\wp-content\plugins\woo-cart-abandonment-recovery\modules\cart-abandonment\class-cartflows-ca-cart-abandonment.php on line 1362
[10-Jan-2021 14:10:17 UTC] PHP Deprecated:  Required parameter $to_date follows optional parameter $type in C:\xampp\htdocs\NHASACHDETAN\wp-content\plugins\woo-cart-abandonment-recovery\modules\cart-abandonment\class-cartflows-ca-cart-abandonment.php on line 1362
[10-Jan-2021 14:10:18 UTC] PHP Deprecated:  Required parameter $post_id follows optional parameter $field_data in C:\xampp\htdocs\NHASACHDETAN\wp-content\plugins\cartflows\classes\class-cartflows-helper.php on line 478
[10-Jan-2021 14:10:18 UTC] PHP Deprecated:  Required parameter $from_date follows optional parameter $type in C:\xampp\htdocs\NHASACHDETAN\wp-content\plugins\woo-cart-abandonment-recovery\modules\cart-abandonment\class-cartflows-ca-cart-abandonment.php on line 1362
[10-Jan-2021 14:10:18 UTC] PHP Deprecated:  Required parameter $to_date follows optional parameter $type in C:\xampp\htdocs\NHASACHDETAN\wp-content\plugins\woo-cart-abandonment-recovery\modules\cart-abandonment\class-cartflows-ca-cart-abandonment.php on line 1362
[10-Jan-2021 14:10:19 UTC] PHP Deprecated:  Required parameter $post_id follows optional parameter $field_data in C:\xampp\htdocs\NHASACHDETAN\wp-content\plugins\cartflows\classes\class-cartflows-helper.php on line 478
[10-Jan-2021 14:10:19 UTC] PHP Deprecated:  Required parameter $from_date follows optional parameter $type in C:\xampp\htdocs\NHASACHDETAN\wp-content\plugins\woo-cart-abandonment-recovery\modules\cart-abandonment\class-cartflows-ca-cart-abandonment.php on line 1362
[10-Jan-2021 14:10:19 UTC] PHP Deprecated:  Required parameter $to_date follows optional parameter $type in C:\xampp\htdocs\NHASACHDETAN\wp-content\plugins\woo-cart-abandonment-recovery\modules\cart-abandonment\class-cartflows-ca-cart-abandonment.php on line 1362
[10-Jan-2021 14:10:21 UTC] PHP Deprecated:  Required parameter $post_id follows optional parameter $field_data in C:\xampp\htdocs\NHASACHDETAN\wp-content\plugins\cartflows\classes\class-cartflows-helper.php on line 478
[10-Jan-2021 14:10:21 UTC] PHP Deprecated:  Required parameter $from_date follows optional parameter $type in C:\xampp\htdocs\NHASACHDETAN\wp-content\plugins\woo-cart-abandonment-recovery\modules\cart-abandonment\class-cartflows-ca-cart-abandonment.php on line 1362
[10-Jan-2021 14:10:21 UTC] PHP Deprecated:  Required parameter $to_date follows optional parameter $type in C:\xampp\htdocs\NHASACHDETAN\wp-content\plugins\woo-cart-abandonment-recovery\modules\cart-abandonment\class-cartflows-ca-cart-abandonment.php on line 1362
[10-Jan-2021 14:10:22 UTC] PHP Deprecated:  Required parameter $post_id follows optional parameter $field_data in C:\xampp\htdocs\NHASACHDETAN\wp-content\plugins\cartflows\classes\class-cartflows-helper.php on line 478
[10-Jan-2021 14:10:22 UTC] PHP Deprecated:  Required parameter $from_date follows optional parameter $type in C:\xampp\htdocs\NHASACHDETAN\wp-content\plugins\woo-cart-abandonment-recovery\modules\cart-abandonment\class-cartflows-ca-cart-abandonment.php on line 1362
[10-Jan-2021 14:10:22 UTC] PHP Deprecated:  Required parameter $to_date follows optional parameter $type in C:\xampp\htdocs\NHASACHDETAN\wp-content\plugins\woo-cart-abandonment-recovery\modules\cart-abandonment\class-cartflows-ca-cart-abandonment.php on line 1362
[10-Jan-2021 14:10:24 UTC] PHP Deprecated:  Required parameter $post_id follows optional parameter $field_data in C:\xampp\htdocs\NHASACHDETAN\wp-content\plugins\cartflows\classes\class-cartflows-helper.php on line 478
[10-Jan-2021 14:10:24 UTC] PHP Deprecated:  Required parameter $from_date follows optional parameter $type in C:\xampp\htdocs\NHASACHDETAN\wp-content\plugins\woo-cart-abandonment-recovery\modules\cart-abandonment\class-cartflows-ca-cart-abandonment.php on line 1362
[10-Jan-2021 14:10:24 UTC] PHP Deprecated:  Required parameter $to_date follows optional parameter $type in C:\xampp\htdocs\NHASACHDETAN\wp-content\plugins\woo-cart-abandonment-recovery\modules\cart-abandonment\class-cartflows-ca-cart-abandonment.php on line 1362
[10-Jan-2021 14:10:25 UTC] PHP Deprecated:  Required parameter $post_id follows optional parameter $field_data in C:\xampp\htdocs\NHASACHDETAN\wp-content\plugins\cartflows\classes\class-cartflows-helper.php on line 478
[10-Jan-2021 14:10:25 UTC] PHP Deprecated:  Required parameter $from_date follows optional parameter $type in C:\xampp\htdocs\NHASACHDETAN\wp-content\plugins\woo-cart-abandonment-recovery\modules\cart-abandonment\class-cartflows-ca-cart-abandonment.php on line 1362
[10-Jan-2021 14:10:25 UTC] PHP Deprecated:  Required parameter $to_date follows optional parameter $type in C:\xampp\htdocs\NHASACHDETAN\wp-content\plugins\woo-cart-abandonment-recovery\modules\cart-abandonment\class-cartflows-ca-cart-abandonment.php on line 1362
[10-Jan-2021 14:10:27 UTC] PHP Deprecated:  Required parameter $post_id follows optional parameter $field_data in C:\xampp\htdocs\NHASACHDETAN\wp-content\plugins\cartflows\classes\class-cartflows-helper.php on line 478
[10-Jan-2021 14:10:27 UTC] PHP Deprecated:  Required parameter $from_date follows optional parameter $type in C:\xampp\htdocs\NHASACHDETAN\wp-content\plugins\woo-cart-abandonment-recovery\modules\cart-abandonment\class-cartflows-ca-cart-abandonment.php on line 1362
[10-Jan-2021 14:10:27 UTC] PHP Deprecated:  Required parameter $to_date follows optional parameter $type in C:\xampp\htdocs\NHASACHDETAN\wp-content\plugins\woo-cart-abandonment-recovery\modules\cart-abandonment\class-cartflows-ca-cart-abandonment.php on line 1362
[10-Jan-2021 14:10:28 UTC] PHP Deprecated:  Required parameter $post_id follows optional parameter $field_data in C:\xampp\htdocs\NHASACHDETAN\wp-content\plugins\cartflows\classes\class-cartflows-helper.php on line 478
[10-Jan-2021 14:10:28 UTC] PHP Deprecated:  Required parameter $post_id follows optional parameter $field_data in C:\xampp\htdocs\NHASACHDETAN\wp-content\plugins\cartflows\classes\class-cartflows-helper.php on line 478
[10-Jan-2021 14:10:28 UTC] PHP Deprecated:  Required parameter $from_date follows optional parameter $type in C:\xampp\htdocs\NHASACHDETAN\wp-content\plugins\woo-cart-abandonment-recovery\modules\cart-abandonment\class-cartflows-ca-cart-abandonment.php on line 1362
[10-Jan-2021 14:10:28 UTC] PHP Deprecated:  Required parameter $to_date follows optional parameter $type in C:\xampp\htdocs\NHASACHDETAN\wp-content\plugins\woo-cart-abandonment-recovery\modules\cart-abandonment\class-cartflows-ca-cart-abandonment.php on line 1362
[10-Jan-2021 14:10:28 UTC] PHP Deprecated:  Required parameter $from_date follows optional parameter $type in C:\xampp\htdocs\NHASACHDETAN\wp-content\plugins\woo-cart-abandonment-recovery\modules\cart-abandonment\class-cartflows-ca-cart-abandonment.php on line 1362
[10-Jan-2021 14:10:28 UTC] PHP Deprecated:  Required parameter $to_date follows optional parameter $type in C:\xampp\htdocs\NHASACHDETAN\wp-content\plugins\woo-cart-abandonment-recovery\modules\cart-abandonment\class-cartflows-ca-cart-abandonment.php on line 1362
[10-Jan-2021 14:10:29 UTC] PHP Deprecated:  Required parameter $post_id follows optional parameter $field_data in C:\xampp\htdocs\NHASACHDETAN\wp-content\plugins\cartflows\classes\class-cartflows-helper.php on line 478
[10-Jan-2021 14:10:29 UTC] PHP Deprecated:  Required parameter $from_date follows optional parameter $type in C:\xampp\htdocs\NHASACHDETAN\wp-content\plugins\woo-cart-abandonment-recovery\modules\cart-abandonment\class-cartflows-ca-cart-abandonment.php on line 1362
[10-Jan-2021 14:10:29 UTC] PHP Deprecated:  Required parameter $to_date follows optional parameter $type in C:\xampp\htdocs\NHASACHDETAN\wp-content\plugins\woo-cart-abandonment-recovery\modules\cart-abandonment\class-cartflows-ca-cart-abandonment.php on line 1362
[10-Jan-2021 14:10:30 UTC] PHP Deprecated:  Required parameter $post_id follows optional parameter $field_data in C:\xampp\htdocs\NHASACHDETAN\wp-content\plugins\cartflows\classes\class-cartflows-helper.php on line 478
[10-Jan-2021 14:10:30 UTC] PHP Deprecated:  Required parameter $from_date follows optional parameter $type in C:\xampp\htdocs\NHASACHDETAN\wp-content\plugins\woo-cart-abandonment-recovery\modules\cart-abandonment\class-cartflows-ca-cart-abandonment.php on line 1362
[10-Jan-2021 14:10:30 UTC] PHP Deprecated:  Required parameter $to_date follows optional parameter $type in C:\xampp\htdocs\NHASACHDETAN\wp-content\plugins\woo-cart-abandonment-recovery\modules\cart-abandonment\class-cartflows-ca-cart-abandonment.php on line 1362
[10-Jan-2021 14:10:30 UTC] PHP Fatal error:  Uncaught Error: Unknown named parameter $tasks_meta_id in C:\xampp\htdocs\NHASACHDETAN\wp-includes\class-wp-hook.php:287
Stack trace:
#0 C:\xampp\htdocs\NHASACHDETAN\wp-includes\class-wp-hook.php(311): WP_Hook->apply_filters('', Array)
#1 C:\xampp\htdocs\NHASACHDETAN\wp-includes\plugin.php(551): WP_Hook->do_action(Array)
#2 C:\xampp\htdocs\NHASACHDETAN\wp-content\plugins\woocommerce\packages\action-scheduler\classes\actions\ActionScheduler_Action.php(22): do_action_ref_array('wpforms_admin_n...', Array)
#3 C:\xampp\htdocs\NHASACHDETAN\wp-content\plugins\woocommerce\packages\action-scheduler\classes\abstracts\ActionScheduler_Abstract_QueueRunner.php(65): ActionScheduler_Action->execute()
#4 C:\xampp\htdocs\NHASACHDETAN\wp-content\plugins\woocommerce\packages\action-scheduler\classes\ActionScheduler_QueueRunner.php(162): ActionScheduler_Abstract_QueueRunner->process_action(48, 'Async Request')
#5 C:\xampp\htdocs\NHASACHDETAN\wp-content\plugins\woocommerce\packages\action-scheduler\classes\ActionScheduler_QueueRunner.php(132): ActionScheduler_QueueRunner->do_batch(25, 'Async Request')
#6 C:\xampp\htdocs\NHASACHDETAN\wp-includes\class-wp-hook.php(287): ActionScheduler_QueueRunner->run('Async Request')
#7 C:\xampp\htdocs\NHASACHDETAN\wp-includes\class-wp-hook.php(311): WP_Hook->apply_filters('', Array)
#8 C:\xampp\htdocs\NHASACHDETAN\wp-includes\plugin.php(484): WP_Hook->do_action(Array)
#9 C:\xampp\htdocs\NHASACHDETAN\wp-content\plugins\woocommerce\packages\action-scheduler\classes\ActionScheduler_AsyncRequest_QueueRunner.php(52): do_action('action_schedule...', 'Async Request')
#10 C:\xampp\htdocs\NHASACHDETAN\wp-content\plugins\woocommerce\includes\libraries\wp-async-request.php(147): ActionScheduler_AsyncRequest_QueueRunner->handle()
#11 C:\xampp\htdocs\NHASACHDETAN\wp-includes\class-wp-hook.php(287): WP_Async_Request->maybe_handle('')
#12 C:\xampp\htdocs\NHASACHDETAN\wp-includes\class-wp-hook.php(311): WP_Hook->apply_filters('', Array)
#13 C:\xampp\htdocs\NHASACHDETAN\wp-includes\plugin.php(484): WP_Hook->do_action(Array)
#14 C:\xampp\htdocs\NHASACHDETAN\wp-admin\admin-ajax.php(184): do_action('wp_ajax_as_asyn...')
#15 {main}
  thrown in C:\xampp\htdocs\NHASACHDETAN\wp-includes\class-wp-hook.php on line 287
[10-Jan-2021 14:10:36 UTC] PHP Deprecated:  Required parameter $post_id follows optional parameter $field_data in C:\xampp\htdocs\NHASACHDETAN\wp-content\plugins\cartflows\classes\class-cartflows-helper.php on line 478
[10-Jan-2021 14:10:36 UTC] PHP Deprecated:  Required parameter $from_date follows optional parameter $type in C:\xampp\htdocs\NHASACHDETAN\wp-content\plugins\woo-cart-abandonment-recovery\modules\cart-abandonment\class-cartflows-ca-cart-abandonment.php on line 1362
[10-Jan-2021 14:10:36 UTC] PHP Deprecated:  Required parameter $to_date follows optional parameter $type in C:\xampp\htdocs\NHASACHDETAN\wp-content\plugins\woo-cart-abandonment-recovery\modules\cart-abandonment\class-cartflows-ca-cart-abandonment.php on line 1362
[10-Jan-2021 14:11:06 UTC] PHP Deprecated:  Required parameter $post_id follows optional parameter $field_data in C:\xampp\htdocs\NHASACHDETAN\wp-content\plugins\cartflows\classes\class-cartflows-helper.php on line 478
[10-Jan-2021 14:11:06 UTC] PHP Deprecated:  Required parameter $from_date follows optional parameter $type in C:\xampp\htdocs\NHASACHDETAN\wp-content\plugins\woo-cart-abandonment-recovery\modules\cart-abandonment\class-cartflows-ca-cart-abandonment.php on line 1362
[10-Jan-2021 14:11:06 UTC] PHP Deprecated:  Required parameter $to_date follows optional parameter $type in C:\xampp\htdocs\NHASACHDETAN\wp-content\plugins\woo-cart-abandonment-recovery\modules\cart-abandonment\class-cartflows-ca-cart-abandonment.php on line 1362
[10-Jan-2021 14:11:06 UTC] PHP Deprecated:  Required parameter $post_id follows optional parameter $field_data in C:\xampp\htdocs\NHASACHDETAN\wp-content\plugins\cartflows\classes\class-cartflows-helper.php on line 478
[10-Jan-2021 14:11:06 UTC] PHP Deprecated:  Required parameter $from_date follows optional parameter $type in C:\xampp\htdocs\NHASACHDETAN\wp-content\plugins\woo-cart-abandonment-recovery\modules\cart-abandonment\class-cartflows-ca-cart-abandonment.php on line 1362
[10-Jan-2021 14:11:06 UTC] PHP Deprecated:  Required parameter $to_date follows optional parameter $type in C:\xampp\htdocs\NHASACHDETAN\wp-content\plugins\woo-cart-abandonment-recovery\modules\cart-abandonment\class-cartflows-ca-cart-abandonment.php on line 1362
[10-Jan-2021 14:11:08 UTC] PHP Deprecated:  Required parameter $post_id follows optional parameter $field_data in C:\xampp\htdocs\NHASACHDETAN\wp-content\plugins\cartflows\classes\class-cartflows-helper.php on line 478
[10-Jan-2021 14:11:08 UTC] PHP Deprecated:  Required parameter $post_id follows optional parameter $field_data in C:\xampp\htdocs\NHASACHDETAN\wp-content\plugins\cartflows\classes\class-cartflows-helper.php on line 478
[10-Jan-2021 14:11:08 UTC] PHP Deprecated:  Required parameter $from_date follows optional parameter $type in C:\xampp\htdocs\NHASACHDETAN\wp-content\plugins\woo-cart-abandonment-recovery\modules\cart-abandonment\class-cartflows-ca-cart-abandonment.php on line 1362
[10-Jan-2021 14:11:08 UTC] PHP Deprecated:  Required parameter $to_date follows optional parameter $type in C:\xampp\htdocs\NHASACHDETAN\wp-content\plugins\woo-cart-abandonment-recovery\modules\cart-abandonment\class-cartflows-ca-cart-abandonment.php on line 1362
[10-Jan-2021 14:11:08 UTC] PHP Deprecated:  Required parameter $from_date follows optional parameter $type in C:\xampp\htdocs\NHASACHDETAN\wp-content\plugins\woo-cart-abandonment-recovery\modules\cart-abandonment\class-cartflows-ca-cart-abandonment.php on line 1362
[10-Jan-2021 14:11:08 UTC] PHP Deprecated:  Required parameter $to_date follows optional parameter $type in C:\xampp\htdocs\NHASACHDETAN\wp-content\plugins\woo-cart-abandonment-recovery\modules\cart-abandonment\class-cartflows-ca-cart-abandonment.php on line 1362
[10-Jan-2021 14:11:09 UTC] PHP Deprecated:  Required parameter $post_id follows optional parameter $field_data in C:\xampp\htdocs\NHASACHDETAN\wp-content\plugins\cartflows\classes\class-cartflows-helper.php on line 478
[10-Jan-2021 14:11:09 UTC] PHP Deprecated:  Required parameter $from_date follows optional parameter $type in C:\xampp\htdocs\NHASACHDETAN\wp-content\plugins\woo-cart-abandonment-recovery\modules\cart-abandonment\class-cartflows-ca-cart-abandonment.php on line 1362
[10-Jan-2021 14:11:09 UTC] PHP Deprecated:  Required parameter $to_date follows optional parameter $type in C:\xampp\htdocs\NHASACHDETAN\wp-content\plugins\woo-cart-abandonment-recovery\modules\cart-abandonment\class-cartflows-ca-cart-abandonment.php on line 1362
[10-Jan-2021 14:11:12 UTC] PHP Deprecated:  Required parameter $post_id follows optional parameter $field_data in C:\xampp\htdocs\NHASACHDETAN\wp-content\plugins\cartflows\classes\class-cartflows-helper.php on line 478
[10-Jan-2021 14:11:13 UTC] PHP Deprecated:  Required parameter $from_date follows optional parameter $type in C:\xampp\htdocs\NHASACHDETAN\wp-content\plugins\woo-cart-abandonment-recovery\modules\cart-abandonment\class-cartflows-ca-cart-abandonment.php on line 1362
[10-Jan-2021 14:11:13 UTC] PHP Deprecated:  Required parameter $to_date follows optional parameter $type in C:\xampp\htdocs\NHASACHDETAN\wp-content\plugins\woo-cart-abandonment-recovery\modules\cart-abandonment\class-cartflows-ca-cart-abandonment.php on line 1362
[10-Jan-2021 14:11:14 UTC] PHP Deprecated:  Required parameter $post_id follows optional parameter $field_data in C:\xampp\htdocs\NHASACHDETAN\wp-content\plugins\cartflows\classes\class-cartflows-helper.php on line 478
[10-Jan-2021 14:11:14 UTC] PHP Deprecated:  Required parameter $from_date follows optional parameter $type in C:\xampp\htdocs\NHASACHDETAN\wp-content\plugins\woo-cart-abandonment-recovery\modules\cart-abandonment\class-cartflows-ca-cart-abandonment.php on line 1362
[10-Jan-2021 14:11:14 UTC] PHP Deprecated:  Required parameter $to_date follows optional parameter $type in C:\xampp\htdocs\NHASACHDETAN\wp-content\plugins\woo-cart-abandonment-recovery\modules\cart-abandonment\class-cartflows-ca-cart-abandonment.php on line 1362
[10-Jan-2021 14:11:14 UTC] PHP Deprecated:  Required parameter $post_id follows optional parameter $field_data in C:\xampp\htdocs\NHASACHDETAN\wp-content\plugins\cartflows\classes\class-cartflows-helper.php on line 478
[10-Jan-2021 14:11:15 UTC] PHP Deprecated:  Required parameter $from_date follows optional parameter $type in C:\xampp\htdocs\NHASACHDETAN\wp-content\plugins\woo-cart-abandonment-recovery\modules\cart-abandonment\class-cartflows-ca-cart-abandonment.php on line 1362
[10-Jan-2021 14:11:15 UTC] PHP Deprecated:  Required parameter $to_date follows optional parameter $type in C:\xampp\htdocs\NHASACHDETAN\wp-content\plugins\woo-cart-abandonment-recovery\modules\cart-abandonment\class-cartflows-ca-cart-abandonment.php on line 1362
[10-Jan-2021 14:11:15 UTC] PHP Deprecated:  Required parameter $post_id follows optional parameter $field_data in C:\xampp\htdocs\NHASACHDETAN\wp-content\plugins\cartflows\classes\class-cartflows-helper.php on line 478
[10-Jan-2021 14:11:15 UTC] PHP Deprecated:  Required parameter $post_id follows optional parameter $field_data in C:\xampp\htdocs\NHASACHDETAN\wp-content\plugins\cartflows\classes\class-cartflows-helper.php on line 478
[10-Jan-2021 14:11:15 UTC] PHP Deprecated:  Required parameter $post_id follows optional parameter $field_data in C:\xampp\htdocs\NHASACHDETAN\wp-content\plugins\cartflows\classes\class-cartflows-helper.php on line 478
[10-Jan-2021 14:11:15 UTC] PHP Deprecated:  Required parameter $from_date follows optional parameter $type in C:\xampp\htdocs\NHASACHDETAN\wp-content\plugins\woo-cart-abandonment-recovery\modules\cart-abandonment\class-cartflows-ca-cart-abandonment.php on line 1362
[10-Jan-2021 14:11:15 UTC] PHP Deprecated:  Required parameter $post_id follows optional parameter $field_data in C:\xampp\htdocs\NHASACHDETAN\wp-content\plugins\cartflows\classes\class-cartflows-helper.php on line 478
[10-Jan-2021 14:11:15 UTC] PHP Deprecated:  Required parameter $to_date follows optional parameter $type in C:\xampp\htdocs\NHASACHDETAN\wp-content\plugins\woo-cart-abandonment-recovery\modules\cart-abandonment\class-cartflows-ca-cart-abandonment.php on line 1362
[10-Jan-2021 14:11:15 UTC] PHP Deprecated:  Required parameter $from_date follows optional parameter $type in C:\xampp\htdocs\NHASACHDETAN\wp-content\plugins\woo-cart-abandonment-recovery\modules\cart-abandonment\class-cartflows-ca-cart-abandonment.php on line 1362
[10-Jan-2021 14:11:15 UTC] PHP Deprecated:  Required parameter $to_date follows optional parameter $type in C:\xampp\htdocs\NHASACHDETAN\wp-content\plugins\woo-cart-abandonment-recovery\modules\cart-abandonment\class-cartflows-ca-cart-abandonment.php on line 1362
[10-Jan-2021 14:11:15 UTC] PHP Deprecated:  Required parameter $from_date follows optional parameter $type in C:\xampp\htdocs\NHASACHDETAN\wp-content\plugins\woo-cart-abandonment-recovery\modules\cart-abandonment\class-cartflows-ca-cart-abandonment.php on line 1362
[10-Jan-2021 14:11:15 UTC] PHP Deprecated:  Required parameter $to_date follows optional parameter $type in C:\xampp\htdocs\NHASACHDETAN\wp-content\plugins\woo-cart-abandonment-recovery\modules\cart-abandonment\class-cartflows-ca-cart-abandonment.php on line 1362
[10-Jan-2021 14:11:15 UTC] PHP Deprecated:  Required parameter $from_date follows optional parameter $type in C:\xampp\htdocs\NHASACHDETAN\wp-content\plugins\woo-cart-abandonment-recovery\modules\cart-abandonment\class-cartflows-ca-cart-abandonment.php on line 1362
[10-Jan-2021 14:11:15 UTC] PHP Deprecated:  Required parameter $to_date follows optional parameter $type in C:\xampp\htdocs\NHASACHDETAN\wp-content\plugins\woo-cart-abandonment-recovery\modules\cart-abandonment\class-cartflows-ca-cart-abandonment.php on line 1362
[10-Jan-2021 14:11:16 UTC] PHP Deprecated:  Required parameter $post_id follows optional parameter $field_data in C:\xampp\htdocs\NHASACHDETAN\wp-content\plugins\cartflows\classes\class-cartflows-helper.php on line 478
[10-Jan-2021 14:11:16 UTC] PHP Deprecated:  Required parameter $post_id follows optional parameter $field_data in C:\xampp\htdocs\NHASACHDETAN\wp-content\plugins\cartflows\classes\class-cartflows-helper.php on line 478
[10-Jan-2021 14:11:16 UTC] PHP Deprecated:  Required parameter $from_date follows optional parameter $type in C:\xampp\htdocs\NHASACHDETAN\wp-content\plugins\woo-cart-abandonment-recovery\modules\cart-abandonment\class-cartflows-ca-cart-abandonment.php on line 1362
[10-Jan-2021 14:11:16 UTC] PHP Deprecated:  Required parameter $from_date follows optional parameter $type in C:\xampp\htdocs\NHASACHDETAN\wp-content\plugins\woo-cart-abandonment-recovery\modules\cart-abandonment\class-cartflows-ca-cart-abandonment.php on line 1362
[10-Jan-2021 14:11:16 UTC] PHP Deprecated:  Required parameter $to_date follows optional parameter $type in C:\xampp\htdocs\NHASACHDETAN\wp-content\plugins\woo-cart-abandonment-recovery\modules\cart-abandonment\class-cartflows-ca-cart-abandonment.php on line 1362
[10-Jan-2021 14:11:16 UTC] PHP Deprecated:  Required parameter $to_date follows optional parameter $type in C:\xampp\htdocs\NHASACHDETAN\wp-content\plugins\woo-cart-abandonment-recovery\modules\cart-abandonment\class-cartflows-ca-cart-abandonment.php on line 1362
[10-Jan-2021 14:11:16 UTC] PHP Deprecated:  Required parameter $post_id follows optional parameter $field_data in C:\xampp\htdocs\NHASACHDETAN\wp-content\plugins\cartflows\classes\class-cartflows-helper.php on line 478
[10-Jan-2021 14:11:16 UTC] PHP Deprecated:  Required parameter $post_id follows optional parameter $field_data in C:\xampp\htdocs\NHASACHDETAN\wp-content\plugins\cartflows\classes\class-cartflows-helper.php on line 478
[10-Jan-2021 14:11:16 UTC] PHP Deprecated:  Required parameter $from_date follows optional parameter $type in C:\xampp\htdocs\NHASACHDETAN\wp-content\plugins\woo-cart-abandonment-recovery\modules\cart-abandonment\class-cartflows-ca-cart-abandonment.php on line 1362
[10-Jan-2021 14:11:16 UTC] PHP Deprecated:  Required parameter $post_id follows optional parameter $field_data in C:\xampp\htdocs\NHASACHDETAN\wp-content\plugins\cartflows\classes\class-cartflows-helper.php on line 478
[10-Jan-2021 14:11:16 UTC] PHP Deprecated:  Required parameter $to_date follows optional parameter $type in C:\xampp\htdocs\NHASACHDETAN\wp-content\plugins\woo-cart-abandonment-recovery\modules\cart-abandonment\class-cartflows-ca-cart-abandonment.php on line 1362
[10-Jan-2021 14:11:16 UTC] PHP Deprecated:  Required parameter $from_date follows optional parameter $type in C:\xampp\htdocs\NHASACHDETAN\wp-content\plugins\woo-cart-abandonment-recovery\modules\cart-abandonment\class-cartflows-ca-cart-abandonment.php on line 1362
[10-Jan-2021 14:11:16 UTC] PHP Deprecated:  Required parameter $to_date follows optional parameter $type in C:\xampp\htdocs\NHASACHDETAN\wp-content\plugins\woo-cart-abandonment-recovery\modules\cart-abandonment\class-cartflows-ca-cart-abandonment.php on line 1362
[10-Jan-2021 14:11:16 UTC] PHP Deprecated:  Required parameter $from_date follows optional parameter $type in C:\xampp\htdocs\NHASACHDETAN\wp-content\plugins\woo-cart-abandonment-recovery\modules\cart-abandonment\class-cartflows-ca-cart-abandonment.php on line 1362
[10-Jan-2021 14:11:16 UTC] PHP Deprecated:  Required parameter $to_date follows optional parameter $type in C:\xampp\htdocs\NHASACHDETAN\wp-content\plugins\woo-cart-abandonment-recovery\modules\cart-abandonment\class-cartflows-ca-cart-abandonment.php on line 1362
[10-Jan-2021 14:11:18 UTC] PHP Deprecated:  Required parameter $post_id follows optional parameter $field_data in C:\xampp\htdocs\NHASACHDETAN\wp-content\plugins\cartflows\classes\class-cartflows-helper.php on line 478
[10-Jan-2021 14:11:18 UTC] PHP Deprecated:  Required parameter $from_date follows optional parameter $type in C:\xampp\htdocs\NHASACHDETAN\wp-content\plugins\woo-cart-abandonment-recovery\modules\cart-abandonment\class-cartflows-ca-cart-abandonment.php on line 1362
[10-Jan-2021 14:11:18 UTC] PHP Deprecated:  Required parameter $to_date follows optional parameter $type in C:\xampp\htdocs\NHASACHDETAN\wp-content\plugins\woo-cart-abandonment-recovery\modules\cart-abandonment\class-cartflows-ca-cart-abandonment.php on line 1362
[10-Jan-2021 14:11:18 UTC] PHP Deprecated:  Required parameter $post_id follows optional parameter $field_data in C:\xampp\htdocs\NHASACHDETAN\wp-content\plugins\cartflows\classes\class-cartflows-helper.php on line 478
[10-Jan-2021 14:11:18 UTC] PHP Deprecated:  Required parameter $post_id follows optional parameter $field_data in C:\xampp\htdocs\NHASACHDETAN\wp-content\plugins\cartflows\classes\class-cartflows-helper.php on line 478
[10-Jan-2021 14:11:18 UTC] PHP Deprecated:  Required parameter $post_id follows optional parameter $field_data in C:\xampp\htdocs\NHASACHDETAN\wp-content\plugins\cartflows\classes\class-cartflows-helper.php on line 478
[10-Jan-2021 14:11:18 UTC] PHP Deprecated:  Required parameter $from_date follows optional parameter $type in C:\xampp\htdocs\NHASACHDETAN\wp-content\plugins\woo-cart-abandonment-recovery\modules\cart-abandonment\class-cartflows-ca-cart-abandonment.php on line 1362
[10-Jan-2021 14:11:18 UTC] PHP Deprecated:  Required parameter $to_date follows optional parameter $type in C:\xampp\htdocs\NHASACHDETAN\wp-content\plugins\woo-cart-abandonment-recovery\modules\cart-abandonment\class-cartflows-ca-cart-abandonment.php on line 1362
[10-Jan-2021 14:11:18 UTC] PHP Deprecated:  Required parameter $from_date follows optional parameter $type in C:\xampp\htdocs\NHASACHDETAN\wp-content\plugins\woo-cart-abandonment-recovery\modules\cart-abandonment\class-cartflows-ca-cart-abandonment.php on line 1362
[10-Jan-2021 14:11:18 UTC] PHP Deprecated:  Required parameter $to_date follows optional parameter $type in C:\xampp\htdocs\NHASACHDETAN\wp-content\plugins\woo-cart-abandonment-recovery\modules\cart-abandonment\class-cartflows-ca-cart-abandonment.php on line 1362
[10-Jan-2021 14:11:18 UTC] PHP Deprecated:  Required parameter $from_date follows optional parameter $type in C:\xampp\htdocs\NHASACHDETAN\wp-content\plugins\woo-cart-abandonment-recovery\modules\cart-abandonment\class-cartflows-ca-cart-abandonment.php on line 1362
[10-Jan-2021 14:11:18 UTC] PHP Deprecated:  Required parameter $to_date follows optional parameter $type in C:\xampp\htdocs\NHASACHDETAN\wp-content\plugins\woo-cart-abandonment-recovery\modules\cart-abandonment\class-cartflows-ca-cart-abandonment.php on line 1362
[10-Jan-2021 14:11:23 UTC] PHP Deprecated:  Required parameter $post_id follows optional parameter $field_data in C:\xampp\htdocs\NHASACHDETAN\wp-content\plugins\cartflows\classes\class-cartflows-helper.php on line 478
[10-Jan-2021 14:11:23 UTC] PHP Deprecated:  Required parameter $from_date follows optional parameter $type in C:\xampp\htdocs\NHASACHDETAN\wp-content\plugins\woo-cart-abandonment-recovery\modules\cart-abandonment\class-cartflows-ca-cart-abandonment.php on line 1362
[10-Jan-2021 14:11:23 UTC] PHP Deprecated:  Required parameter $to_date follows optional parameter $type in C:\xampp\htdocs\NHASACHDETAN\wp-content\plugins\woo-cart-abandonment-recovery\modules\cart-abandonment\class-cartflows-ca-cart-abandonment.php on line 1362
[10-Jan-2021 14:11:24 UTC] PHP Deprecated:  Required parameter $post_id follows optional parameter $field_data in C:\xampp\htdocs\NHASACHDETAN\wp-content\plugins\cartflows\classes\class-cartflows-helper.php on line 478
[10-Jan-2021 14:11:24 UTC] PHP Deprecated:  Required parameter $from_date follows optional parameter $type in C:\xampp\htdocs\NHASACHDETAN\wp-content\plugins\woo-cart-abandonment-recovery\modules\cart-abandonment\class-cartflows-ca-cart-abandonment.php on line 1362
[10-Jan-2021 14:11:24 UTC] PHP Deprecated:  Required parameter $to_date follows optional parameter $type in C:\xampp\htdocs\NHASACHDETAN\wp-content\plugins\woo-cart-abandonment-recovery\modules\cart-abandonment\class-cartflows-ca-cart-abandonment.php on line 1362
[10-Jan-2021 14:11:25 UTC] PHP Deprecated:  Required parameter $post_id follows optional parameter $field_data in C:\xampp\htdocs\NHASACHDETAN\wp-content\plugins\cartflows\classes\class-cartflows-helper.php on line 478
[10-Jan-2021 14:11:25 UTC] PHP Deprecated:  Required parameter $from_date follows optional parameter $type in C:\xampp\htdocs\NHASACHDETAN\wp-content\plugins\woo-cart-abandonment-recovery\modules\cart-abandonment\class-cartflows-ca-cart-abandonment.php on line 1362
[10-Jan-2021 14:11:25 UTC] PHP Deprecated:  Required parameter $to_date follows optional parameter $type in C:\xampp\htdocs\NHASACHDETAN\wp-content\plugins\woo-cart-abandonment-recovery\modules\cart-abandonment\class-cartflows-ca-cart-abandonment.php on line 1362
[10-Jan-2021 14:11:25 UTC] PHP Deprecated:  Required parameter $post_id follows optional parameter $field_data in C:\xampp\htdocs\NHASACHDETAN\wp-content\plugins\cartflows\classes\class-cartflows-helper.php on line 478
[10-Jan-2021 14:11:25 UTC] PHP Deprecated:  Required parameter $post_id follows optional parameter $field_data in C:\xampp\htdocs\NHASACHDETAN\wp-content\plugins\cartflows\classes\class-cartflows-helper.php on line 478
[10-Jan-2021 14:11:25 UTC] PHP Deprecated:  Required parameter $from_date follows optional parameter $type in C:\xampp\htdocs\NHASACHDETAN\wp-content\plugins\woo-cart-abandonment-recovery\modules\cart-abandonment\class-cartflows-ca-cart-abandonment.php on line 1362
[10-Jan-2021 14:11:25 UTC] PHP Deprecated:  Required parameter $to_date follows optional parameter $type in C:\xampp\htdocs\NHASACHDETAN\wp-content\plugins\woo-cart-abandonment-recovery\modules\cart-abandonment\class-cartflows-ca-cart-abandonment.php on line 1362
[10-Jan-2021 14:11:25 UTC] PHP Deprecated:  Required parameter $from_date follows optional parameter $type in C:\xampp\htdocs\NHASACHDETAN\wp-content\plugins\woo-cart-abandonment-recovery\modules\cart-abandonment\class-cartflows-ca-cart-abandonment.php on line 1362
[10-Jan-2021 14:11:25 UTC] PHP Deprecated:  Required parameter $to_date follows optional parameter $type in C:\xampp\htdocs\NHASACHDETAN\wp-content\plugins\woo-cart-abandonment-recovery\modules\cart-abandonment\class-cartflows-ca-cart-abandonment.php on line 1362
[10-Jan-2021 14:11:25 UTC] PHP Deprecated:  Required parameter $post_id follows optional parameter $field_data in C:\xampp\htdocs\NHASACHDETAN\wp-content\plugins\cartflows\classes\class-cartflows-helper.php on line 478
[10-Jan-2021 14:11:25 UTC] PHP Deprecated:  Required parameter $from_date follows optional parameter $type in C:\xampp\htdocs\NHASACHDETAN\wp-content\plugins\woo-cart-abandonment-recovery\modules\cart-abandonment\class-cartflows-ca-cart-abandonment.php on line 1362
[10-Jan-2021 14:11:25 UTC] PHP Deprecated:  Required parameter $to_date follows optional parameter $type in C:\xampp\htdocs\NHASACHDETAN\wp-content\plugins\woo-cart-abandonment-recovery\modules\cart-abandonment\class-cartflows-ca-cart-abandonment.php on line 1362
[10-Jan-2021 14:11:28 UTC] PHP Deprecated:  Required parameter $post_id follows optional parameter $field_data in C:\xampp\htdocs\NHASACHDETAN\wp-content\plugins\cartflows\classes\class-cartflows-helper.php on line 478
[10-Jan-2021 14:11:28 UTC] PHP Deprecated:  Required parameter $from_date follows optional parameter $type in C:\xampp\htdocs\NHASACHDETAN\wp-content\plugins\woo-cart-abandonment-recovery\modules\cart-abandonment\class-cartflows-ca-cart-abandonment.php on line 1362
[10-Jan-2021 14:11:28 UTC] PHP Deprecated:  Required parameter $to_date follows optional parameter $type in C:\xampp\htdocs\NHASACHDETAN\wp-content\plugins\woo-cart-abandonment-recovery\modules\cart-abandonment\class-cartflows-ca-cart-abandonment.php on line 1362
[10-Jan-2021 14:11:32 UTC] PHP Fatal error:  Uncaught TypeError: fclose(): Argument #1 ($stream) must be of type resource, bool given in C:\xampp\htdocs\NHASACHDETAN\wp-content\plugins\cartflows\classes\logger\class-cartflows-log-handler-file.php:147
Stack trace:
#0 C:\xampp\htdocs\NHASACHDETAN\wp-content\plugins\cartflows\classes\logger\class-cartflows-log-handler-file.php(147): fclose(false)
#1 C:\xampp\htdocs\NHASACHDETAN\wp-content\plugins\cartflows\classes\logger\class-cartflows-log-handler-file.php(207): Cartflows_Log_Handler_File->open('cartflows')
#2 C:\xampp\htdocs\NHASACHDETAN\wp-content\plugins\cartflows\classes\logger\class-cartflows-log-handler-file.php(99): Cartflows_Log_Handler_File->add('2021-01-10T14:1...', 'cartflows')
#3 C:\xampp\htdocs\NHASACHDETAN\wp-content\plugins\cartflows\classes\logger\class-cartflows-wc-logger.php(144): Cartflows_Log_Handler_File->handle(1610287892, 'info', 'Start-Cartflows...', Array)
#4 C:\xampp\htdocs\NHASACHDETAN\wp-content\plugins\cartflows\classes\class-cartflows-logger.php(98): Cartflows_WC_Logger->log('info', 'Start-Cartflows...', Array)
#5 C:\xampp\htdocs\NHASACHDETAN\wp-content\plugins\cartflows\classes\class-cartflows-frontend.php(60): Cartflows_Logger->log('Start-Cartflows...')
#6 C:\xampp\htdocs\NHASACHDETAN\wp-includes\class-wp-hook.php(287): Cartflows_Frontend->redirect_to_thankyou_page('http://localhos...', Object(Automattic\WooCommerce\Admin\Overrides\Order))
#7 C:\xampp\htdocs\NHASACHDETAN\wp-includes\plugin.php(212): WP_Hook->apply_filters('http://localhos...', Array)
#8 C:\xampp\htdocs\NHASACHDETAN\wp-content\plugins\woocommerce\includes\class-wc-order.php(1585): apply_filters('woocommerce_get...', 'http://localhos...', Object(Automattic\WooCommerce\Admin\Overrides\Order))
#9 C:\xampp\htdocs\NHASACHDETAN\wp-content\plugins\woocommerce\includes\abstracts\abstract-wc-payment-gateway.php(226): WC_Order->get_checkout_order_received_url()
#10 C:\xampp\htdocs\NHASACHDETAN\wp-content\plugins\woocommerce\includes\gateways\cod\class-wc-gateway-cod.php(337): WC_Payment_Gateway->get_return_url(Object(Automattic\WooCommerce\Admin\Overrides\Order))
#11 C:\xampp\htdocs\NHASACHDETAN\wp-content\plugins\woocommerce\includes\class-wc-checkout.php(959): WC_Gateway_COD->process_payment(1457)
#12 C:\xampp\htdocs\NHASACHDETAN\wp-content\plugins\woocommerce\includes\class-wc-checkout.php(1171): WC_Checkout->process_order_payment(1457, 'cod')
#13 C:\xampp\htdocs\NHASACHDETAN\wp-content\plugins\woocommerce\includes\class-wc-ajax.php(465): WC_Checkout->process_checkout()
#14 C:\xampp\htdocs\NHASACHDETAN\wp-includes\class-wp-hook.php(287): WC_AJAX::checkout('')
#15 C:\xampp\htdocs\NHASACHDETAN\wp-includes\class-wp-hook.php(311): WP_Hook->apply_filters('', Array)
#16 C:\xampp\htdocs\NHASACHDETAN\wp-includes\plugin.php(484): WP_Hook->do_action(Array)
#17 C:\xampp\htdocs\NHASACHDETAN\wp-content\plugins\woocommerce\includes\class-wc-ajax.php(90): do_action('wc_ajax_checkou...')
#18 C:\xampp\htdocs\NHASACHDETAN\wp-includes\class-wp-hook.php(287): WC_AJAX::do_wc_ajax('')
#19 C:\xampp\htdocs\NHASACHDETAN\wp-includes\class-wp-hook.php(311): WP_Hook->apply_filters(false, Array)
#20 C:\xampp\htdocs\NHASACHDETAN\wp-includes\plugin.php(484): WP_Hook->do_action(Array)
#21 C:\xampp\htdocs\NHASACHDETAN\wp-includes\template-loader.php(13): do_action('template_redire...')
#22 C:\xampp\htdocs\NHASACHDETAN\wp-blog-header.php(19): require_once('C:\\xampp\\htdocs...')
#23 C:\xampp\htdocs\NHASACHDETAN\index.php(17): require('C:\\xampp\\htdocs...')
#24 {main}
  thrown in C:\xampp\htdocs\NHASACHDETAN\wp-content\plugins\cartflows\classes\logger\class-cartflows-log-handler-file.php on line 147
[10-Jan-2021 14:11:36 UTC] PHP Deprecated:  Required parameter $post_id follows optional parameter $field_data in C:\xampp\htdocs\NHASACHDETAN\wp-content\plugins\cartflows\classes\class-cartflows-helper.php on line 478
[10-Jan-2021 14:11:36 UTC] PHP Deprecated:  Required parameter $from_date follows optional parameter $type in C:\xampp\htdocs\NHASACHDETAN\wp-content\plugins\woo-cart-abandonment-recovery\modules\cart-abandonment\class-cartflows-ca-cart-abandonment.php on line 1362
[10-Jan-2021 14:11:36 UTC] PHP Deprecated:  Required parameter $to_date follows optional parameter $type in C:\xampp\htdocs\NHASACHDETAN\wp-content\plugins\woo-cart-abandonment-recovery\modules\cart-abandonment\class-cartflows-ca-cart-abandonment.php on line 1362
[10-Jan-2021 14:11:37 UTC] PHP Deprecated:  Required parameter $post_id follows optional parameter $field_data in C:\xampp\htdocs\NHASACHDETAN\wp-content\plugins\cartflows\classes\class-cartflows-helper.php on line 478
[10-Jan-2021 14:11:37 UTC] PHP Deprecated:  Required parameter $from_date follows optional parameter $type in C:\xampp\htdocs\NHASACHDETAN\wp-content\plugins\woo-cart-abandonment-recovery\modules\cart-abandonment\class-cartflows-ca-cart-abandonment.php on line 1362
[10-Jan-2021 14:11:37 UTC] PHP Deprecated:  Required parameter $to_date follows optional parameter $type in C:\xampp\htdocs\NHASACHDETAN\wp-content\plugins\woo-cart-abandonment-recovery\modules\cart-abandonment\class-cartflows-ca-cart-abandonment.php on line 1362
[10-Jan-2021 14:11:37 UTC] PHP Deprecated:  Required parameter $post_id follows optional parameter $field_data in C:\xampp\htdocs\NHASACHDETAN\wp-content\plugins\cartflows\classes\class-cartflows-helper.php on line 478
[10-Jan-2021 14:11:37 UTC] PHP Deprecated:  Required parameter $post_id follows optional parameter $field_data in C:\xampp\htdocs\NHASACHDETAN\wp-content\plugins\cartflows\classes\class-cartflows-helper.php on line 478
[10-Jan-2021 14:11:37 UTC] PHP Deprecated:  Required parameter $post_id follows optional parameter $field_data in C:\xampp\htdocs\NHASACHDETAN\wp-content\plugins\cartflows\classes\class-cartflows-helper.php on line 478
[10-Jan-2021 14:11:37 UTC] PHP Deprecated:  Required parameter $from_date follows optional parameter $type in C:\xampp\htdocs\NHASACHDETAN\wp-content\plugins\woo-cart-abandonment-recovery\modules\cart-abandonment\class-cartflows-ca-cart-abandonment.php on line 1362
[10-Jan-2021 14:11:37 UTC] PHP Deprecated:  Required parameter $to_date follows optional parameter $type in C:\xampp\htdocs\NHASACHDETAN\wp-content\plugins\woo-cart-abandonment-recovery\modules\cart-abandonment\class-cartflows-ca-cart-abandonment.php on line 1362
[10-Jan-2021 14:11:37 UTC] PHP Deprecated:  Required parameter $from_date follows optional parameter $type in C:\xampp\htdocs\NHASACHDETAN\wp-content\plugins\woo-cart-abandonment-recovery\modules\cart-abandonment\class-cartflows-ca-cart-abandonment.php on line 1362
[10-Jan-2021 14:11:37 UTC] PHP Deprecated:  Required parameter $to_date follows optional parameter $type in C:\xampp\htdocs\NHASACHDETAN\wp-content\plugins\woo-cart-abandonment-recovery\modules\cart-abandonment\class-cartflows-ca-cart-abandonment.php on line 1362
[10-Jan-2021 14:11:37 UTC] PHP Deprecated:  Required parameter $from_date follows optional parameter $type in C:\xampp\htdocs\NHASACHDETAN\wp-content\plugins\woo-cart-abandonment-recovery\modules\cart-abandonment\class-cartflows-ca-cart-abandonment.php on line 1362
[10-Jan-2021 14:11:37 UTC] PHP Deprecated:  Required parameter $to_date follows optional parameter $type in C:\xampp\htdocs\NHASACHDETAN\wp-content\plugins\woo-cart-abandonment-recovery\modules\cart-abandonment\class-cartflows-ca-cart-abandonment.php on line 1362
[10-Jan-2021 14:11:37 UTC] PHP Fatal error:  Uncaught Error: Unknown named parameter $tasks_meta_id in C:\xampp\htdocs\NHASACHDETAN\wp-includes\class-wp-hook.php:287
Stack trace:
#0 C:\xampp\htdocs\NHASACHDETAN\wp-includes\class-wp-hook.php(311): WP_Hook->apply_filters('', Array)
#1 C:\xampp\htdocs\NHASACHDETAN\wp-includes\plugin.php(551): WP_Hook->do_action(Array)
#2 C:\xampp\htdocs\NHASACHDETAN\wp-content\plugins\woocommerce\packages\action-scheduler\classes\actions\ActionScheduler_Action.php(22): do_action_ref_array('wpforms_admin_n...', Array)
#3 C:\xampp\htdocs\NHASACHDETAN\wp-content\plugins\woocommerce\packages\action-scheduler\classes\abstracts\ActionScheduler_Abstract_QueueRunner.php(65): ActionScheduler_Action->execute()
#4 C:\xampp\htdocs\NHASACHDETAN\wp-content\plugins\woocommerce\packages\action-scheduler\classes\ActionScheduler_QueueRunner.php(162): ActionScheduler_Abstract_QueueRunner->process_action(49, 'Async Request')
#5 C:\xampp\htdocs\NHASACHDETAN\wp-content\plugins\woocommerce\packages\action-scheduler\classes\ActionScheduler_QueueRunner.php(132): ActionScheduler_QueueRunner->do_batch(25, 'Async Request')
#6 C:\xampp\htdocs\NHASACHDETAN\wp-includes\class-wp-hook.php(287): ActionScheduler_QueueRunner->run('Async Request')
#7 C:\xampp\htdocs\NHASACHDETAN\wp-includes\class-wp-hook.php(311): WP_Hook->apply_filters('', Array)
#8 C:\xampp\htdocs\NHASACHDETAN\wp-includes\plugin.php(484): WP_Hook->do_action(Array)
#9 C:\xampp\htdocs\NHASACHDETAN\wp-content\plugins\woocommerce\packages\action-scheduler\classes\ActionScheduler_AsyncRequest_QueueRunner.php(52): do_action('action_schedule...', 'Async Request')
#10 C:\xampp\htdocs\NHASACHDETAN\wp-content\plugins\woocommerce\includes\libraries\wp-async-request.php(147): ActionScheduler_AsyncRequest_QueueRunner->handle()
#11 C:\xampp\htdocs\NHASACHDETAN\wp-includes\class-wp-hook.php(287): WP_Async_Request->maybe_handle('')
#12 C:\xampp\htdocs\NHASACHDETAN\wp-includes\class-wp-hook.php(311): WP_Hook->apply_filters('', Array)
#13 C:\xampp\htdocs\NHASACHDETAN\wp-includes\plugin.php(484): WP_Hook->do_action(Array)
#14 C:\xampp\htdocs\NHASACHDETAN\wp-admin\admin-ajax.php(184): do_action('wp_ajax_as_asyn...')
#15 {main}
  thrown in C:\xampp\htdocs\NHASACHDETAN\wp-includes\class-wp-hook.php on line 287
[10-Jan-2021 14:11:38 UTC] PHP Deprecated:  Required parameter $post_id follows optional parameter $field_data in C:\xampp\htdocs\NHASACHDETAN\wp-content\plugins\cartflows\classes\class-cartflows-helper.php on line 478
[10-Jan-2021 14:11:38 UTC] PHP Deprecated:  Required parameter $from_date follows optional parameter $type in C:\xampp\htdocs\NHASACHDETAN\wp-content\plugins\woo-cart-abandonment-recovery\modules\cart-abandonment\class-cartflows-ca-cart-abandonment.php on line 1362
[10-Jan-2021 14:11:38 UTC] PHP Deprecated:  Required parameter $to_date follows optional parameter $type in C:\xampp\htdocs\NHASACHDETAN\wp-content\plugins\woo-cart-abandonment-recovery\modules\cart-abandonment\class-cartflows-ca-cart-abandonment.php on line 1362
[10-Jan-2021 14:11:44 UTC] PHP Deprecated:  Required parameter $post_id follows optional parameter $field_data in C:\xampp\htdocs\NHASACHDETAN\wp-content\plugins\cartflows\classes\class-cartflows-helper.php on line 478
[10-Jan-2021 14:11:44 UTC] PHP Deprecated:  Required parameter $from_date follows optional parameter $type in C:\xampp\htdocs\NHASACHDETAN\wp-content\plugins\woo-cart-abandonment-recovery\modules\cart-abandonment\class-cartflows-ca-cart-abandonment.php on line 1362
[10-Jan-2021 14:11:44 UTC] PHP Deprecated:  Required parameter $to_date follows optional parameter $type in C:\xampp\htdocs\NHASACHDETAN\wp-content\plugins\woo-cart-abandonment-recovery\modules\cart-abandonment\class-cartflows-ca-cart-abandonment.php on line 1362
[10-Jan-2021 14:11:47 UTC] PHP Deprecated:  Required parameter $post_id follows optional parameter $field_data in C:\xampp\htdocs\NHASACHDETAN\wp-content\plugins\cartflows\classes\class-cartflows-helper.php on line 478
[10-Jan-2021 14:11:47 UTC] PHP Deprecated:  Required parameter $from_date follows optional parameter $type in C:\xampp\htdocs\NHASACHDETAN\wp-content\plugins\woo-cart-abandonment-recovery\modules\cart-abandonment\class-cartflows-ca-cart-abandonment.php on line 1362
[10-Jan-2021 14:11:47 UTC] PHP Deprecated:  Required parameter $to_date follows optional parameter $type in C:\xampp\htdocs\NHASACHDETAN\wp-content\plugins\woo-cart-abandonment-recovery\modules\cart-abandonment\class-cartflows-ca-cart-abandonment.php on line 1362
[10-Jan-2021 14:11:48 UTC] PHP Deprecated:  Required parameter $post_id follows optional parameter $field_data in C:\xampp\htdocs\NHASACHDETAN\wp-content\plugins\cartflows\classes\class-cartflows-helper.php on line 478
[10-Jan-2021 14:11:48 UTC] PHP Deprecated:  Required parameter $from_date follows optional parameter $type in C:\xampp\htdocs\NHASACHDETAN\wp-content\plugins\woo-cart-abandonment-recovery\modules\cart-abandonment\class-cartflows-ca-cart-abandonment.php on line 1362
[10-Jan-2021 14:11:48 UTC] PHP Deprecated:  Required parameter $to_date follows optional parameter $type in C:\xampp\htdocs\NHASACHDETAN\wp-content\plugins\woo-cart-abandonment-recovery\modules\cart-abandonment\class-cartflows-ca-cart-abandonment.php on line 1362
[10-Jan-2021 14:11:48 UTC] PHP Deprecated:  Required parameter $post_id follows optional parameter $field_data in C:\xampp\htdocs\NHASACHDETAN\wp-content\plugins\cartflows\classes\class-cartflows-helper.php on line 478
[10-Jan-2021 14:11:48 UTC] PHP Deprecated:  Required parameter $from_date follows optional parameter $type in C:\xampp\htdocs\NHASACHDETAN\wp-content\plugins\woo-cart-abandonment-recovery\modules\cart-abandonment\class-cartflows-ca-cart-abandonment.php on line 1362
[10-Jan-2021 14:11:48 UTC] PHP Deprecated:  Required parameter $to_date follows optional parameter $type in C:\xampp\htdocs\NHASACHDETAN\wp-content\plugins\woo-cart-abandonment-recovery\modules\cart-abandonment\class-cartflows-ca-cart-abandonment.php on line 1362
[10-Jan-2021 14:11:49 UTC] PHP Deprecated:  Required parameter $post_id follows optional parameter $field_data in C:\xampp\htdocs\NHASACHDETAN\wp-content\plugins\cartflows\classes\class-cartflows-helper.php on line 478
[10-Jan-2021 14:11:49 UTC] PHP Deprecated:  Required parameter $from_date follows optional parameter $type in C:\xampp\htdocs\NHASACHDETAN\wp-content\plugins\woo-cart-abandonment-recovery\modules\cart-abandonment\class-cartflows-ca-cart-abandonment.php on line 1362
[10-Jan-2021 14:11:49 UTC] PHP Deprecated:  Required parameter $to_date follows optional parameter $type in C:\xampp\htdocs\NHASACHDETAN\wp-content\plugins\woo-cart-abandonment-recovery\modules\cart-abandonment\class-cartflows-ca-cart-abandonment.php on line 1362
[10-Jan-2021 14:11:50 UTC] PHP Deprecated:  Required parameter $post_id follows optional parameter $field_data in C:\xampp\htdocs\NHASACHDETAN\wp-content\plugins\cartflows\classes\class-cartflows-helper.php on line 478
[10-Jan-2021 14:11:50 UTC] PHP Deprecated:  Required parameter $from_date follows optional parameter $type in C:\xampp\htdocs\NHASACHDETAN\wp-content\plugins\woo-cart-abandonment-recovery\modules\cart-abandonment\class-cartflows-ca-cart-abandonment.php on line 1362
[10-Jan-2021 14:11:50 UTC] PHP Deprecated:  Required parameter $to_date follows optional parameter $type in C:\xampp\htdocs\NHASACHDETAN\wp-content\plugins\woo-cart-abandonment-recovery\modules\cart-abandonment\class-cartflows-ca-cart-abandonment.php on line 1362
[10-Jan-2021 14:11:50 UTC] PHP Fatal error:  Uncaught Error: Unknown named parameter $tasks_meta_id in C:\xampp\htdocs\NHASACHDETAN\wp-includes\class-wp-hook.php:287
Stack trace:
#0 C:\xampp\htdocs\NHASACHDETAN\wp-includes\class-wp-hook.php(311): WP_Hook->apply_filters('', Array)
#1 C:\xampp\htdocs\NHASACHDETAN\wp-includes\plugin.php(551): WP_Hook->do_action(Array)
#2 C:\xampp\htdocs\NHASACHDETAN\wp-content\plugins\woocommerce\packages\action-scheduler\classes\actions\ActionScheduler_Action.php(22): do_action_ref_array('wpforms_admin_n...', Array)
#3 C:\xampp\htdocs\NHASACHDETAN\wp-content\plugins\woocommerce\packages\action-scheduler\classes\abstracts\ActionScheduler_Abstract_QueueRunner.php(65): ActionScheduler_Action->execute()
#4 C:\xampp\htdocs\NHASACHDETAN\wp-content\plugins\woocommerce\packages\action-scheduler\classes\ActionScheduler_QueueRunner.php(162): ActionScheduler_Abstract_QueueRunner->process_action(59, 'WP Cron')
#5 C:\xampp\htdocs\NHASACHDETAN\wp-content\plugins\woocommerce\packages\action-scheduler\classes\ActionScheduler_QueueRunner.php(132): ActionScheduler_QueueRunner->do_batch(25, 'WP Cron')
#6 C:\xampp\htdocs\NHASACHDETAN\wp-includes\class-wp-hook.php(287): ActionScheduler_QueueRunner->run('WP Cron')
#7 C:\xampp\htdocs\NHASACHDETAN\wp-includes\class-wp-hook.php(311): WP_Hook->apply_filters('', Array)
#8 C:\xampp\htdocs\NHASACHDETAN\wp-includes\plugin.php(551): WP_Hook->do_action(Array)
#9 C:\xampp\htdocs\NHASACHDETAN\wp-cron.php(138): do_action_ref_array('action_schedule...', Array)
#10 {main}
  thrown in C:\xampp\htdocs\NHASACHDETAN\wp-includes\class-wp-hook.php on line 287
[10-Jan-2021 14:11:51 UTC] PHP Deprecated:  Required parameter $post_id follows optional parameter $field_data in C:\xampp\htdocs\NHASACHDETAN\wp-content\plugins\cartflows\classes\class-cartflows-helper.php on line 478
[10-Jan-2021 14:11:51 UTC] PHP Deprecated:  Required parameter $from_date follows optional parameter $type in C:\xampp\htdocs\NHASACHDETAN\wp-content\plugins\woo-cart-abandonment-recovery\modules\cart-abandonment\class-cartflows-ca-cart-abandonment.php on line 1362
[10-Jan-2021 14:11:51 UTC] PHP Deprecated:  Required parameter $to_date follows optional parameter $type in C:\xampp\htdocs\NHASACHDETAN\wp-content\plugins\woo-cart-abandonment-recovery\modules\cart-abandonment\class-cartflows-ca-cart-abandonment.php on line 1362
[10-Jan-2021 14:11:52 UTC] PHP Deprecated:  Required parameter $post_id follows optional parameter $field_data in C:\xampp\htdocs\NHASACHDETAN\wp-content\plugins\cartflows\classes\class-cartflows-helper.php on line 478
[10-Jan-2021 14:11:52 UTC] PHP Deprecated:  Required parameter $from_date follows optional parameter $type in C:\xampp\htdocs\NHASACHDETAN\wp-content\plugins\woo-cart-abandonment-recovery\modules\cart-abandonment\class-cartflows-ca-cart-abandonment.php on line 1362
[10-Jan-2021 14:11:52 UTC] PHP Deprecated:  Required parameter $to_date follows optional parameter $type in C:\xampp\htdocs\NHASACHDETAN\wp-content\plugins\woo-cart-abandonment-recovery\modules\cart-abandonment\class-cartflows-ca-cart-abandonment.php on line 1362
[10-Jan-2021 14:11:53 UTC] PHP Deprecated:  Required parameter $post_id follows optional parameter $field_data in C:\xampp\htdocs\NHASACHDETAN\wp-content\plugins\cartflows\classes\class-cartflows-helper.php on line 478
[10-Jan-2021 14:11:53 UTC] PHP Deprecated:  Required parameter $from_date follows optional parameter $type in C:\xampp\htdocs\NHASACHDETAN\wp-content\plugins\woo-cart-abandonment-recovery\modules\cart-abandonment\class-cartflows-ca-cart-abandonment.php on line 1362
[10-Jan-2021 14:11:53 UTC] PHP Deprecated:  Required parameter $to_date follows optional parameter $type in C:\xampp\htdocs\NHASACHDETAN\wp-content\plugins\woo-cart-abandonment-recovery\modules\cart-abandonment\class-cartflows-ca-cart-abandonment.php on line 1362
[10-Jan-2021 14:11:56 UTC] PHP Deprecated:  Required parameter $post_id follows optional parameter $field_data in C:\xampp\htdocs\NHASACHDETAN\wp-content\plugins\cartflows\classes\class-cartflows-helper.php on line 478
[10-Jan-2021 14:11:56 UTC] PHP Deprecated:  Required parameter $from_date follows optional parameter $type in C:\xampp\htdocs\NHASACHDETAN\wp-content\plugins\woo-cart-abandonment-recovery\modules\cart-abandonment\class-cartflows-ca-cart-abandonment.php on line 1362
[10-Jan-2021 14:11:56 UTC] PHP Deprecated:  Required parameter $to_date follows optional parameter $type in C:\xampp\htdocs\NHASACHDETAN\wp-content\plugins\woo-cart-abandonment-recovery\modules\cart-abandonment\class-cartflows-ca-cart-abandonment.php on line 1362
[10-Jan-2021 14:11:57 UTC] PHP Deprecated:  Required parameter $post_id follows optional parameter $field_data in C:\xampp\htdocs\NHASACHDETAN\wp-content\plugins\cartflows\classes\class-cartflows-helper.php on line 478
[10-Jan-2021 14:11:57 UTC] PHP Deprecated:  Required parameter $from_date follows optional parameter $type in C:\xampp\htdocs\NHASACHDETAN\wp-content\plugins\woo-cart-abandonment-recovery\modules\cart-abandonment\class-cartflows-ca-cart-abandonment.php on line 1362
[10-Jan-2021 14:11:57 UTC] PHP Deprecated:  Required parameter $to_date follows optional parameter $type in C:\xampp\htdocs\NHASACHDETAN\wp-content\plugins\woo-cart-abandonment-recovery\modules\cart-abandonment\class-cartflows-ca-cart-abandonment.php on line 1362
[10-Jan-2021 14:11:58 UTC] PHP Deprecated:  Required parameter $post_id follows optional parameter $field_data in C:\xampp\htdocs\NHASACHDETAN\wp-content\plugins\cartflows\classes\class-cartflows-helper.php on line 478
[10-Jan-2021 14:11:58 UTC] PHP Deprecated:  Required parameter $from_date follows optional parameter $type in C:\xampp\htdocs\NHASACHDETAN\wp-content\plugins\woo-cart-abandonment-recovery\modules\cart-abandonment\class-cartflows-ca-cart-abandonment.php on line 1362
[10-Jan-2021 14:11:58 UTC] PHP Deprecated:  Required parameter $to_date follows optional parameter $type in C:\xampp\htdocs\NHASACHDETAN\wp-content\plugins\woo-cart-abandonment-recovery\modules\cart-abandonment\class-cartflows-ca-cart-abandonment.php on line 1362
[10-Jan-2021 14:12:03 UTC] PHP Deprecated:  Required parameter $post_id follows optional parameter $field_data in C:\xampp\htdocs\NHASACHDETAN\wp-content\plugins\cartflows\classes\class-cartflows-helper.php on line 478
[10-Jan-2021 14:12:03 UTC] PHP Deprecated:  Required parameter $from_date follows optional parameter $type in C:\xampp\htdocs\NHASACHDETAN\wp-content\plugins\woo-cart-abandonment-recovery\modules\cart-abandonment\class-cartflows-ca-cart-abandonment.php on line 1362
[10-Jan-2021 14:12:03 UTC] PHP Deprecated:  Required parameter $to_date follows optional parameter $type in C:\xampp\htdocs\NHASACHDETAN\wp-content\plugins\woo-cart-abandonment-recovery\modules\cart-abandonment\class-cartflows-ca-cart-abandonment.php on line 1362
[10-Jan-2021 14:12:03 UTC] PHP Deprecated:  Required parameter $post_id follows optional parameter $field_data in C:\xampp\htdocs\NHASACHDETAN\wp-content\plugins\cartflows\classes\class-cartflows-helper.php on line 478
[10-Jan-2021 14:12:04 UTC] PHP Deprecated:  Required parameter $from_date follows optional parameter $type in C:\xampp\htdocs\NHASACHDETAN\wp-content\plugins\woo-cart-abandonment-recovery\modules\cart-abandonment\class-cartflows-ca-cart-abandonment.php on line 1362
[10-Jan-2021 14:12:04 UTC] PHP Deprecated:  Required parameter $to_date follows optional parameter $type in C:\xampp\htdocs\NHASACHDETAN\wp-content\plugins\woo-cart-abandonment-recovery\modules\cart-abandonment\class-cartflows-ca-cart-abandonment.php on line 1362
[10-Jan-2021 14:12:05 UTC] PHP Deprecated:  Required parameter $post_id follows optional parameter $field_data in C:\xampp\htdocs\NHASACHDETAN\wp-content\plugins\cartflows\classes\class-cartflows-helper.php on line 478
[10-Jan-2021 14:12:05 UTC] PHP Deprecated:  Required parameter $from_date follows optional parameter $type in C:\xampp\htdocs\NHASACHDETAN\wp-content\plugins\woo-cart-abandonment-recovery\modules\cart-abandonment\class-cartflows-ca-cart-abandonment.php on line 1362
[10-Jan-2021 14:12:05 UTC] PHP Deprecated:  Required parameter $to_date follows optional parameter $type in C:\xampp\htdocs\NHASACHDETAN\wp-content\plugins\woo-cart-abandonment-recovery\modules\cart-abandonment\class-cartflows-ca-cart-abandonment.php on line 1362
[10-Jan-2021 14:12:05 UTC] PHP Deprecated:  Required parameter $post_id follows optional parameter $field_data in C:\xampp\htdocs\NHASACHDETAN\wp-content\plugins\cartflows\classes\class-cartflows-helper.php on line 478
[10-Jan-2021 14:12:05 UTC] PHP Deprecated:  Required parameter $from_date follows optional parameter $type in C:\xampp\htdocs\NHASACHDETAN\wp-content\plugins\woo-cart-abandonment-recovery\modules\cart-abandonment\class-cartflows-ca-cart-abandonment.php on line 1362
[10-Jan-2021 14:12:05 UTC] PHP Deprecated:  Required parameter $to_date follows optional parameter $type in C:\xampp\htdocs\NHASACHDETAN\wp-content\plugins\woo-cart-abandonment-recovery\modules\cart-abandonment\class-cartflows-ca-cart-abandonment.php on line 1362
[10-Jan-2021 14:12:10 UTC] PHP Deprecated:  Required parameter $post_id follows optional parameter $field_data in C:\xampp\htdocs\NHASACHDETAN\wp-content\plugins\cartflows\classes\class-cartflows-helper.php on line 478
[10-Jan-2021 14:12:11 UTC] PHP Deprecated:  Required parameter $from_date follows optional parameter $type in C:\xampp\htdocs\NHASACHDETAN\wp-content\plugins\woo-cart-abandonment-recovery\modules\cart-abandonment\class-cartflows-ca-cart-abandonment.php on line 1362
[10-Jan-2021 14:12:11 UTC] PHP Deprecated:  Required parameter $to_date follows optional parameter $type in C:\xampp\htdocs\NHASACHDETAN\wp-content\plugins\woo-cart-abandonment-recovery\modules\cart-abandonment\class-cartflows-ca-cart-abandonment.php on line 1362
[10-Jan-2021 14:12:21 UTC] PHP Deprecated:  Required parameter $post_id follows optional parameter $field_data in C:\xampp\htdocs\NHASACHDETAN\wp-content\plugins\cartflows\classes\class-cartflows-helper.php on line 478
[10-Jan-2021 14:12:21 UTC] PHP Deprecated:  Required parameter $from_date follows optional parameter $type in C:\xampp\htdocs\NHASACHDETAN\wp-content\plugins\woo-cart-abandonment-recovery\modules\cart-abandonment\class-cartflows-ca-cart-abandonment.php on line 1362
[10-Jan-2021 14:12:21 UTC] PHP Deprecated:  Required parameter $to_date follows optional parameter $type in C:\xampp\htdocs\NHASACHDETAN\wp-content\plugins\woo-cart-abandonment-recovery\modules\cart-abandonment\class-cartflows-ca-cart-abandonment.php on line 1362
[10-Jan-2021 14:13:12 UTC] PHP Deprecated:  Required parameter $post_id follows optional parameter $field_data in C:\xampp\htdocs\NHASACHDETAN\wp-content\plugins\cartflows\classes\class-cartflows-helper.php on line 478
[10-Jan-2021 14:13:12 UTC] PHP Deprecated:  Required parameter $from_date follows optional parameter $type in C:\xampp\htdocs\NHASACHDETAN\wp-content\plugins\woo-cart-abandonment-recovery\modules\cart-abandonment\class-cartflows-ca-cart-abandonment.php on line 1362
[10-Jan-2021 14:13:12 UTC] PHP Deprecated:  Required parameter $to_date follows optional parameter $type in C:\xampp\htdocs\NHASACHDETAN\wp-content\plugins\woo-cart-abandonment-recovery\modules\cart-abandonment\class-cartflows-ca-cart-abandonment.php on line 1362
[10-Jan-2021 14:13:13 UTC] PHP Deprecated:  Required parameter $post_id follows optional parameter $field_data in C:\xampp\htdocs\NHASACHDETAN\wp-content\plugins\cartflows\classes\class-cartflows-helper.php on line 478
[10-Jan-2021 14:13:13 UTC] PHP Deprecated:  Required parameter $from_date follows optional parameter $type in C:\xampp\htdocs\NHASACHDETAN\wp-content\plugins\woo-cart-abandonment-recovery\modules\cart-abandonment\class-cartflows-ca-cart-abandonment.php on line 1362
[10-Jan-2021 14:13:13 UTC] PHP Deprecated:  Required parameter $to_date follows optional parameter $type in C:\xampp\htdocs\NHASACHDETAN\wp-content\plugins\woo-cart-abandonment-recovery\modules\cart-abandonment\class-cartflows-ca-cart-abandonment.php on line 1362
[10-Jan-2021 14:13:13 UTC] PHP Fatal error:  Uncaught Error: Unknown named parameter $tasks_meta_id in C:\xampp\htdocs\NHASACHDETAN\wp-includes\class-wp-hook.php:287
Stack trace:
#0 C:\xampp\htdocs\NHASACHDETAN\wp-includes\class-wp-hook.php(311): WP_Hook->apply_filters('', Array)
#1 C:\xampp\htdocs\NHASACHDETAN\wp-includes\plugin.php(551): WP_Hook->do_action(Array)
#2 C:\xampp\htdocs\NHASACHDETAN\wp-content\plugins\woocommerce\packages\action-scheduler\classes\actions\ActionScheduler_Action.php(22): do_action_ref_array('wpforms_admin_n...', Array)
#3 C:\xampp\htdocs\NHASACHDETAN\wp-content\plugins\woocommerce\packages\action-scheduler\classes\abstracts\ActionScheduler_Abstract_QueueRunner.php(65): ActionScheduler_Action->execute()
#4 C:\xampp\htdocs\NHASACHDETAN\wp-content\plugins\woocommerce\packages\action-scheduler\classes\ActionScheduler_QueueRunner.php(162): ActionScheduler_Abstract_QueueRunner->process_action(60, 'WP Cron')
#5 C:\xampp\htdocs\NHASACHDETAN\wp-content\plugins\woocommerce\packages\action-scheduler\classes\ActionScheduler_QueueRunner.php(132): ActionScheduler_QueueRunner->do_batch(25, 'WP Cron')
#6 C:\xampp\htdocs\NHASACHDETAN\wp-includes\class-wp-hook.php(287): ActionScheduler_QueueRunner->run('WP Cron')
#7 C:\xampp\htdocs\NHASACHDETAN\wp-includes\class-wp-hook.php(311): WP_Hook->apply_filters('', Array)
#8 C:\xampp\htdocs\NHASACHDETAN\wp-includes\plugin.php(551): WP_Hook->do_action(Array)
#9 C:\xampp\htdocs\NHASACHDETAN\wp-cron.php(138): do_action_ref_array('action_schedule...', Array)
#10 {main}
  thrown in C:\xampp\htdocs\NHASACHDETAN\wp-includes\class-wp-hook.php on line 287
[10-Jan-2021 14:13:13 UTC] PHP Deprecated:  Required parameter $post_id follows optional parameter $field_data in C:\xampp\htdocs\NHASACHDETAN\wp-content\plugins\cartflows\classes\class-cartflows-helper.php on line 478
[10-Jan-2021 14:13:14 UTC] PHP Deprecated:  Required parameter $from_date follows optional parameter $type in C:\xampp\htdocs\NHASACHDETAN\wp-content\plugins\woo-cart-abandonment-recovery\modules\cart-abandonment\class-cartflows-ca-cart-abandonment.php on line 1362
[10-Jan-2021 14:13:14 UTC] PHP Deprecated:  Required parameter $to_date follows optional parameter $type in C:\xampp\htdocs\NHASACHDETAN\wp-content\plugins\woo-cart-abandonment-recovery\modules\cart-abandonment\class-cartflows-ca-cart-abandonment.php on line 1362
[10-Jan-2021 14:13:15 UTC] PHP Deprecated:  Required parameter $post_id follows optional parameter $field_data in C:\xampp\htdocs\NHASACHDETAN\wp-content\plugins\cartflows\classes\class-cartflows-helper.php on line 478
[10-Jan-2021 14:13:15 UTC] PHP Deprecated:  Required parameter $post_id follows optional parameter $field_data in C:\xampp\htdocs\NHASACHDETAN\wp-content\plugins\cartflows\classes\class-cartflows-helper.php on line 478
[10-Jan-2021 14:13:16 UTC] PHP Deprecated:  Required parameter $from_date follows optional parameter $type in C:\xampp\htdocs\NHASACHDETAN\wp-content\plugins\woo-cart-abandonment-recovery\modules\cart-abandonment\class-cartflows-ca-cart-abandonment.php on line 1362
[10-Jan-2021 14:13:16 UTC] PHP Deprecated:  Required parameter $from_date follows optional parameter $type in C:\xampp\htdocs\NHASACHDETAN\wp-content\plugins\woo-cart-abandonment-recovery\modules\cart-abandonment\class-cartflows-ca-cart-abandonment.php on line 1362
[10-Jan-2021 14:13:16 UTC] PHP Deprecated:  Required parameter $to_date follows optional parameter $type in C:\xampp\htdocs\NHASACHDETAN\wp-content\plugins\woo-cart-abandonment-recovery\modules\cart-abandonment\class-cartflows-ca-cart-abandonment.php on line 1362
[10-Jan-2021 14:13:16 UTC] PHP Deprecated:  Required parameter $to_date follows optional parameter $type in C:\xampp\htdocs\NHASACHDETAN\wp-content\plugins\woo-cart-abandonment-recovery\modules\cart-abandonment\class-cartflows-ca-cart-abandonment.php on line 1362
[10-Jan-2021 14:13:16 UTC] PHP Deprecated:  Required parameter $post_id follows optional parameter $field_data in C:\xampp\htdocs\NHASACHDETAN\wp-content\plugins\cartflows\classes\class-cartflows-helper.php on line 478
[10-Jan-2021 14:13:16 UTC] PHP Deprecated:  Required parameter $post_id follows optional parameter $field_data in C:\xampp\htdocs\NHASACHDETAN\wp-content\plugins\cartflows\classes\class-cartflows-helper.php on line 478
[10-Jan-2021 14:13:16 UTC] PHP Deprecated:  Required parameter $post_id follows optional parameter $field_data in C:\xampp\htdocs\NHASACHDETAN\wp-content\plugins\cartflows\classes\class-cartflows-helper.php on line 478
[10-Jan-2021 14:13:16 UTC] PHP Deprecated:  Required parameter $from_date follows optional parameter $type in C:\xampp\htdocs\NHASACHDETAN\wp-content\plugins\woo-cart-abandonment-recovery\modules\cart-abandonment\class-cartflows-ca-cart-abandonment.php on line 1362
[10-Jan-2021 14:13:16 UTC] PHP Deprecated:  Required parameter $to_date follows optional parameter $type in C:\xampp\htdocs\NHASACHDETAN\wp-content\plugins\woo-cart-abandonment-recovery\modules\cart-abandonment\class-cartflows-ca-cart-abandonment.php on line 1362
[10-Jan-2021 14:13:16 UTC] PHP Deprecated:  Required parameter $post_id follows optional parameter $field_data in C:\xampp\htdocs\NHASACHDETAN\wp-content\plugins\cartflows\classes\class-cartflows-helper.php on line 478
[10-Jan-2021 14:13:16 UTC] PHP Deprecated:  Required parameter $from_date follows optional parameter $type in C:\xampp\htdocs\NHASACHDETAN\wp-content\plugins\woo-cart-abandonment-recovery\modules\cart-abandonment\class-cartflows-ca-cart-abandonment.php on line 1362
[10-Jan-2021 14:13:16 UTC] PHP Deprecated:  Required parameter $from_date follows optional parameter $type in C:\xampp\htdocs\NHASACHDETAN\wp-content\plugins\woo-cart-abandonment-recovery\modules\cart-abandonment\class-cartflows-ca-cart-abandonment.php on line 1362
[10-Jan-2021 14:13:16 UTC] PHP Deprecated:  Required parameter $to_date follows optional parameter $type in C:\xampp\htdocs\NHASACHDETAN\wp-content\plugins\woo-cart-abandonment-recovery\modules\cart-abandonment\class-cartflows-ca-cart-abandonment.php on line 1362
[10-Jan-2021 14:13:16 UTC] PHP Deprecated:  Required parameter $to_date follows optional parameter $type in C:\xampp\htdocs\NHASACHDETAN\wp-content\plugins\woo-cart-abandonment-recovery\modules\cart-abandonment\class-cartflows-ca-cart-abandonment.php on line 1362
[10-Jan-2021 14:13:16 UTC] PHP Deprecated:  Required parameter $from_date follows optional parameter $type in C:\xampp\htdocs\NHASACHDETAN\wp-content\plugins\woo-cart-abandonment-recovery\modules\cart-abandonment\class-cartflows-ca-cart-abandonment.php on line 1362
[10-Jan-2021 14:13:16 UTC] PHP Deprecated:  Required parameter $to_date follows optional parameter $type in C:\xampp\htdocs\NHASACHDETAN\wp-content\plugins\woo-cart-abandonment-recovery\modules\cart-abandonment\class-cartflows-ca-cart-abandonment.php on line 1362
[10-Jan-2021 14:13:17 UTC] PHP Deprecated:  Required parameter $post_id follows optional parameter $field_data in C:\xampp\htdocs\NHASACHDETAN\wp-content\plugins\cartflows\classes\class-cartflows-helper.php on line 478
[10-Jan-2021 14:13:17 UTC] PHP Deprecated:  Required parameter $post_id follows optional parameter $field_data in C:\xampp\htdocs\NHASACHDETAN\wp-content\plugins\cartflows\classes\class-cartflows-helper.php on line 478
[10-Jan-2021 14:13:17 UTC] PHP Deprecated:  Required parameter $from_date follows optional parameter $type in C:\xampp\htdocs\NHASACHDETAN\wp-content\plugins\woo-cart-abandonment-recovery\modules\cart-abandonment\class-cartflows-ca-cart-abandonment.php on line 1362
[10-Jan-2021 14:13:17 UTC] PHP Deprecated:  Required parameter $to_date follows optional parameter $type in C:\xampp\htdocs\NHASACHDETAN\wp-content\plugins\woo-cart-abandonment-recovery\modules\cart-abandonment\class-cartflows-ca-cart-abandonment.php on line 1362
[10-Jan-2021 14:13:17 UTC] PHP Deprecated:  Required parameter $from_date follows optional parameter $type in C:\xampp\htdocs\NHASACHDETAN\wp-content\plugins\woo-cart-abandonment-recovery\modules\cart-abandonment\class-cartflows-ca-cart-abandonment.php on line 1362
[10-Jan-2021 14:13:17 UTC] PHP Deprecated:  Required parameter $to_date follows optional parameter $type in C:\xampp\htdocs\NHASACHDETAN\wp-content\plugins\woo-cart-abandonment-recovery\modules\cart-abandonment\class-cartflows-ca-cart-abandonment.php on line 1362
[10-Jan-2021 14:13:17 UTC] PHP Deprecated:  Required parameter $post_id follows optional parameter $field_data in C:\xampp\htdocs\NHASACHDETAN\wp-content\plugins\cartflows\classes\class-cartflows-helper.php on line 478
[10-Jan-2021 14:13:17 UTC] PHP Deprecated:  Required parameter $post_id follows optional parameter $field_data in C:\xampp\htdocs\NHASACHDETAN\wp-content\plugins\cartflows\classes\class-cartflows-helper.php on line 478
[10-Jan-2021 14:13:17 UTC] PHP Deprecated:  Required parameter $post_id follows optional parameter $field_data in C:\xampp\htdocs\NHASACHDETAN\wp-content\plugins\cartflows\classes\class-cartflows-helper.php on line 478
[10-Jan-2021 14:13:17 UTC] PHP Deprecated:  Required parameter $from_date follows optional parameter $type in C:\xampp\htdocs\NHASACHDETAN\wp-content\plugins\woo-cart-abandonment-recovery\modules\cart-abandonment\class-cartflows-ca-cart-abandonment.php on line 1362
[10-Jan-2021 14:13:17 UTC] PHP Deprecated:  Required parameter $to_date follows optional parameter $type in C:\xampp\htdocs\NHASACHDETAN\wp-content\plugins\woo-cart-abandonment-recovery\modules\cart-abandonment\class-cartflows-ca-cart-abandonment.php on line 1362
[10-Jan-2021 14:13:17 UTC] PHP Deprecated:  Required parameter $from_date follows optional parameter $type in C:\xampp\htdocs\NHASACHDETAN\wp-content\plugins\woo-cart-abandonment-recovery\modules\cart-abandonment\class-cartflows-ca-cart-abandonment.php on line 1362
[10-Jan-2021 14:13:17 UTC] PHP Deprecated:  Required parameter $from_date follows optional parameter $type in C:\xampp\htdocs\NHASACHDETAN\wp-content\plugins\woo-cart-abandonment-recovery\modules\cart-abandonment\class-cartflows-ca-cart-abandonment.php on line 1362
[10-Jan-2021 14:13:17 UTC] PHP Deprecated:  Required parameter $to_date follows optional parameter $type in C:\xampp\htdocs\NHASACHDETAN\wp-content\plugins\woo-cart-abandonment-recovery\modules\cart-abandonment\class-cartflows-ca-cart-abandonment.php on line 1362
[10-Jan-2021 14:13:17 UTC] PHP Deprecated:  Required parameter $to_date follows optional parameter $type in C:\xampp\htdocs\NHASACHDETAN\wp-content\plugins\woo-cart-abandonment-recovery\modules\cart-abandonment\class-cartflows-ca-cart-abandonment.php on line 1362
[10-Jan-2021 14:13:25 UTC] PHP Deprecated:  Required parameter $post_id follows optional parameter $field_data in C:\xampp\htdocs\NHASACHDETAN\wp-content\plugins\cartflows\classes\class-cartflows-helper.php on line 478
[10-Jan-2021 14:13:25 UTC] PHP Deprecated:  Required parameter $from_date follows optional parameter $type in C:\xampp\htdocs\NHASACHDETAN\wp-content\plugins\woo-cart-abandonment-recovery\modules\cart-abandonment\class-cartflows-ca-cart-abandonment.php on line 1362
[10-Jan-2021 14:13:25 UTC] PHP Deprecated:  Required parameter $to_date follows optional parameter $type in C:\xampp\htdocs\NHASACHDETAN\wp-content\plugins\woo-cart-abandonment-recovery\modules\cart-abandonment\class-cartflows-ca-cart-abandonment.php on line 1362
[10-Jan-2021 14:13:25 UTC] PHP Deprecated:  Required parameter $post_id follows optional parameter $field_data in C:\xampp\htdocs\NHASACHDETAN\wp-content\plugins\cartflows\classes\class-cartflows-helper.php on line 478
[10-Jan-2021 14:13:38 UTC] PHP Deprecated:  Required parameter $post_id follows optional parameter $field_data in C:\xampp\htdocs\NHASACHDETAN\wp-content\plugins\cartflows\classes\class-cartflows-helper.php on line 478
[10-Jan-2021 14:13:42 UTC] PHP Deprecated:  Required parameter $post_id follows optional parameter $field_data in C:\xampp\htdocs\NHASACHDETAN\wp-content\plugins\cartflows\classes\class-cartflows-helper.php on line 478
[10-Jan-2021 14:13:45 UTC] PHP Deprecated:  Required parameter $post_id follows optional parameter $field_data in C:\xampp\htdocs\NHASACHDETAN\wp-content\plugins\cartflows\classes\class-cartflows-helper.php on line 478
[10-Jan-2021 14:13:46 UTC] PHP Deprecated:  Required parameter $post_id follows optional parameter $field_data in C:\xampp\htdocs\NHASACHDETAN\wp-content\plugins\cartflows\classes\class-cartflows-helper.php on line 478
[10-Jan-2021 14:13:54 UTC] PHP Deprecated:  Required parameter $post_id follows optional parameter $field_data in C:\xampp\htdocs\NHASACHDETAN\wp-content\plugins\cartflows\classes\class-cartflows-helper.php on line 478
