2020-12-24T13:53:11+00:00 CRITICAL Uncaught ArgumentCountError: 3 arguments are required, 2 given in C:\xampp\htdocs\MeiQuanSheng1\wp-admin\includes\class-bulk-upgrader-skin.php:152
Stack trace:
#0 C:\xampp\htdocs\MeiQuanSheng1\wp-admin\includes\class-bulk-upgrader-skin.php(152): sprintf('%1$s installed ...', 'YITH WooCommerc...')
#1 C:\xampp\htdocs\MeiQuanSheng1\wp-content\themes\flatsome\inc\classes\class-tgm-plugin-activation.php(3638): Bulk_Upgrader_Skin->after('YITH WooCommerc...')
#2 C:\xampp\htdocs\MeiQuanSheng1\wp-admin\includes\class-wp-upgrader.php(813): TGMPA_Bulk_Installer_Skin->after()
#3 C:\xampp\htdocs\MeiQuanSheng1\wp-content\themes\flatsome\inc\classes\class-tgm-plugin-activation.php(3258): WP_Upgrader->run(Array)
#4 C:\xampp\htdocs\MeiQuanSheng1\wp-content\themes\flatsome\inc\classes\class-tgm-plugin-activation.php(3371): TGMPA_Bulk_Installer->run(Array)
#5 C:\xampp\htdocs\MeiQuanSheng1\wp-content\themes\flatsome\inc\classes\class-tgm-plugin-activation.php(2977): TGMPA_Bulk_Installer->bulk_install(Array)
#6 C:\xampp\htdocs\MeiQuanSheng1\wp-content\themes\flatsome\inc\classes\class-tgm-plugin-activation.php(743): TGMPA_List_Table->process_bulk_actions()
#7 C:\xampp\htdocs\MeiQuanSheng1\wp-includes\class-wp-hook.php(287): TGM_Plugin_Activation->install_plugins_page('')
#8 C:\xampp\htdocs\MeiQuanSheng1\wp-includes\class-wp-hook.php(311): WP_Hook->apply_filters('', Array)
#9 C:\xampp\htdocs\MeiQuanSheng1\wp-includes\plugin.php(484): WP_Hook->do_action(Array)
#10 C:\xampp\htdocs\MeiQuanSheng1\wp-admin\admin.php(259): do_action('appearance_page...')
#11 C:\xampp\htdocs\MeiQuanSheng1\wp-admin\themes.php(10): require_once('C:\\xampp\\htdocs...')
#12 {main}
  thrown in C:\xampp\htdocs\MeiQuanSheng1\wp-admin\includes\class-bulk-upgrader-skin.php on line 152

2020-12-24T14:28:09+00:00 CRITICAL Uncaught Error: Unknown named parameter $item in C:\xampp\htdocs\MeiQuanSheng1\wp-content\themes\flatsome\inc\builder\core\server\src\Transformers\ArrayToString.php:57
Stack trace:
#0 C:\xampp\htdocs\MeiQuanSheng1\wp-content\themes\flatsome\inc\builder\core\server\src\Transformers\ArrayToString.php(57): call_user_func_array(Object(Closure), Array)
#1 C:\xampp\htdocs\MeiQuanSheng1\wp-content\themes\flatsome\inc\builder\core\server\src\Transformers\ArrayToString.php(145): UxBuilder\Transformers\ArrayToString->transform(Array, Array)
#2 C:\xampp\htdocs\MeiQuanSheng1\wp-content\themes\flatsome\inc\builder\core\server\src\Transformers\ArrayToString.php(50): UxBuilder\Transformers\ArrayToString->get_content(Array)
#3 C:\xampp\htdocs\MeiQuanSheng1\wp-content\themes\flatsome\inc\builder\core\server\src\Transformers\ArrayToString.php(145): UxBuilder\Transformers\ArrayToString->transform(Array, Array)
#4 C:\xampp\htdocs\MeiQuanSheng1\wp-content\themes\flatsome\inc\builder\core\server\src\Transformers\ArrayToString.php(50): UxBuilder\Transformers\ArrayToString->get_content(Array)
#5 C:\xampp\htdocs\MeiQuanSheng1\wp-content\themes\flatsome\inc\builder\core\server\src\Transformers\ArrayToString.php(145): UxBuilder\Transformers\ArrayToString->transform(Array, Array)
#6 C:\xampp\htdocs\MeiQuanSheng1\wp-content\themes\flatsome\inc\builder\core\server\src\Transformers\ArrayToString.php(50): UxBuilder\Transformers\ArrayToString->get_content(Array)
#7 C:\xampp\htdocs\MeiQuanSheng1\wp-content\themes\flatsome\inc\builder\core\server\src\Transformers\ArrayToString.php(145): UxBuilder\Transformers\ArrayToString->transform(Array, Array)
#8 C:\xampp\htdocs\MeiQuanSheng1\wp-content\themes\flatsome\inc\builder\core\server\src\Transformers\ArrayToString.php(50): UxBuilder\Transformers\ArrayToString->get_content(Array)
#9 C:\xampp\htdocs\MeiQuanSheng1\wp-content\themes\flatsome\inc\builder\core\server\src\Transformers\ArrayToString.php(145): UxBuilder\Transformers\ArrayToString->transform(Array, Array)
#10 C:\xampp\htdocs\MeiQuanSheng1\wp-content\themes\flatsome\inc\builder\core\server\src\Transformers\ArrayToString.php(50): UxBuilder\Transformers\ArrayToString->get_content(Array)
#11 C:\xampp\htdocs\MeiQuanSheng1\wp-content\themes\flatsome\inc\builder\core\server\src\Ajax\PostSaver.php(36): UxBuilder\Transformers\ArrayToString->transform(Array)
#12 C:\xampp\htdocs\MeiQuanSheng1\wp-includes\class-wp-hook.php(287): UxBuilder\Ajax\PostSaver->save('')
#13 C:\xampp\htdocs\MeiQuanSheng1\wp-includes\class-wp-hook.php(311): WP_Hook->apply_filters('', Array)
#14 C:\xampp\htdocs\MeiQuanSheng1\wp-includes\plugin.php(484): WP_Hook->do_action(Array)
#15 C:\xampp\htdocs\MeiQuanSheng1\wp-admin\admin-ajax.php(184): do_action('wp_ajax_ux_buil...')
#16 {main}
  thrown in C:\xampp\htdocs\MeiQuanSheng1\wp-content\themes\flatsome\inc\builder\core\server\src\Transformers\ArrayToString.php on line 57

2020-12-24T14:28:11+00:00 CRITICAL Uncaught Error: Unknown named parameter $item in C:\xampp\htdocs\MeiQuanSheng1\wp-content\themes\flatsome\inc\builder\core\server\src\Transformers\ArrayToString.php:57
Stack trace:
#0 C:\xampp\htdocs\MeiQuanSheng1\wp-content\themes\flatsome\inc\builder\core\server\src\Transformers\ArrayToString.php(57): call_user_func_array(Object(Closure), Array)
#1 C:\xampp\htdocs\MeiQuanSheng1\wp-content\themes\flatsome\inc\builder\core\server\src\Transformers\ArrayToString.php(145): UxBuilder\Transformers\ArrayToString->transform(Array, Array)
#2 C:\xampp\htdocs\MeiQuanSheng1\wp-content\themes\flatsome\inc\builder\core\server\src\Transformers\ArrayToString.php(50): UxBuilder\Transformers\ArrayToString->get_content(Array)
#3 C:\xampp\htdocs\MeiQuanSheng1\wp-content\themes\flatsome\inc\builder\core\server\src\Transformers\ArrayToString.php(145): UxBuilder\Transformers\ArrayToString->transform(Array, Array)
#4 C:\xampp\htdocs\MeiQuanSheng1\wp-content\themes\flatsome\inc\builder\core\server\src\Transformers\ArrayToString.php(50): UxBuilder\Transformers\ArrayToString->get_content(Array)
#5 C:\xampp\htdocs\MeiQuanSheng1\wp-content\themes\flatsome\inc\builder\core\server\src\Transformers\ArrayToString.php(145): UxBuilder\Transformers\ArrayToString->transform(Array, Array)
#6 C:\xampp\htdocs\MeiQuanSheng1\wp-content\themes\flatsome\inc\builder\core\server\src\Transformers\ArrayToString.php(50): UxBuilder\Transformers\ArrayToString->get_content(Array)
#7 C:\xampp\htdocs\MeiQuanSheng1\wp-content\themes\flatsome\inc\builder\core\server\src\Transformers\ArrayToString.php(145): UxBuilder\Transformers\ArrayToString->transform(Array, Array)
#8 C:\xampp\htdocs\MeiQuanSheng1\wp-content\themes\flatsome\inc\builder\core\server\src\Transformers\ArrayToString.php(50): UxBuilder\Transformers\ArrayToString->get_content(Array)
#9 C:\xampp\htdocs\MeiQuanSheng1\wp-content\themes\flatsome\inc\builder\core\server\src\Transformers\ArrayToString.php(145): UxBuilder\Transformers\ArrayToString->transform(Array, Array)
#10 C:\xampp\htdocs\MeiQuanSheng1\wp-content\themes\flatsome\inc\builder\core\server\src\Transformers\ArrayToString.php(50): UxBuilder\Transformers\ArrayToString->get_content(Array)
#11 C:\xampp\htdocs\MeiQuanSheng1\wp-content\themes\flatsome\inc\builder\core\server\src\Ajax\PostSaver.php(36): UxBuilder\Transformers\ArrayToString->transform(Array)
#12 C:\xampp\htdocs\MeiQuanSheng1\wp-includes\class-wp-hook.php(287): UxBuilder\Ajax\PostSaver->save('')
#13 C:\xampp\htdocs\MeiQuanSheng1\wp-includes\class-wp-hook.php(311): WP_Hook->apply_filters('', Array)
#14 C:\xampp\htdocs\MeiQuanSheng1\wp-includes\plugin.php(484): WP_Hook->do_action(Array)
#15 C:\xampp\htdocs\MeiQuanSheng1\wp-admin\admin-ajax.php(184): do_action('wp_ajax_ux_buil...')
#16 {main}
  thrown in C:\xampp\htdocs\MeiQuanSheng1\wp-content\themes\flatsome\inc\builder\core\server\src\Transformers\ArrayToString.php on line 57

