2021-01-11T05:02:23+00:00 INFO Generating payment form for order 506. Notify URL: http://localhost:99/NHASACHDETAN/wc-api/WC_Gateway_Paypal/
2021-01-11T05:02:23+00:00 INFO PayPal Request Args for order 506: Array
(
    [cmd] => _cart
    [business] => lqboss1020304050@gmail.com
    [no_note] => 1
    [currency_code] => USD
    [charset] => utf-8
    [rm] => 1
    [upload] => 1
    [return] => http://localhost:99/NHASACHDETAN/checkout/order-received/506/?key=wc_order_f7IhzrDpztNsk&utm_nooverride=1
    [cancel_return] => http://localhost:99/NHASACHDETAN/cart/?cancel_order=true&order=wc_order_f7IhzrDpztNsk&order_id=506&redirect&_wpnonce=da505ff7c3
    [page_style] => 
    [image_url] => 
    [paymentaction] => sale
    [invoice] => WC-506
    [custom] => {"order_id":506,"order_key":"wc_order_f7IhzrDpztNsk"}
    [notify_url] => http://localhost:99/NHASACHDETAN/wc-api/WC_Gateway_Paypal/
    [first_name] => ***
    [last_name] => ***
    [address1] => ***
    [address2] => ***
    [city] => ***
    [state] => ***
    [zip] => ***
    [country] => ***
    [email] => ***@***
    [night_phone_a] => ***
    [night_phone_b] => ***
    [address_override] => 0
    [no_shipping] => 0
    [tax_cart] => 0.00
    [item_name_1] => Lập Trình Java
    [quantity_1] => 1
    [amount_1] => 200000
    [item_number_1] => 
    [bn] => WooThemes_Cart
)

2021-01-11T05:59:37+00:00 INFO Generating payment form for order 511. Notify URL: http://localhost:99/NHASACHDETAN/wc-api/WC_Gateway_Paypal/
2021-01-11T05:59:37+00:00 INFO PayPal Request Args for order 511: Array
(
    [cmd] => _cart
    [business] => lqboss1020304050@gmail.com
    [no_note] => 1
    [currency_code] => USD
    [charset] => utf-8
    [rm] => 1
    [upload] => 1
    [return] => http://localhost:99/NHASACHDETAN/checkout/order-received/511/?key=wc_order_PrnSUiCy9RUP6&utm_nooverride=1
    [cancel_return] => http://localhost:99/NHASACHDETAN/cart/?cancel_order=true&order=wc_order_PrnSUiCy9RUP6&order_id=511&redirect&_wpnonce=6ef0c8396a
    [page_style] => 
    [image_url] => 
    [paymentaction] => sale
    [invoice] => WC-511
    [custom] => {"order_id":511,"order_key":"wc_order_PrnSUiCy9RUP6"}
    [notify_url] => http://localhost:99/NHASACHDETAN/wc-api/WC_Gateway_Paypal/
    [first_name] => ***
    [last_name] => ***
    [address1] => ***
    [address2] => ***
    [city] => ***
    [state] => ***
    [zip] => ***
    [country] => ***
    [email] => ***@***
    [night_phone_a] => ***
    [night_phone_b] => ***
    [address_override] => 0
    [no_shipping] => 0
    [tax_cart] => 0.00
    [discount_amount_cart] => 40000.00
    [item_name_1] => Lập Trình Java
    [quantity_1] => 1
    [amount_1] => 200000
    [item_number_1] => 
    [item_name_2] => Ngữ Pháp Tiếng Anh Nâng Cao
    [quantity_2] => 1
    [amount_2] => 150000
    [item_number_2] => 
    [bn] => WooThemes_Cart
)

2021-01-11T06:24:05+00:00 INFO Generating payment form for order 513. Notify URL: http://localhost:99/NHASACHDETAN/wc-api/WC_Gateway_Paypal/
2021-01-11T06:24:05+00:00 INFO PayPal Request Args for order 513: Array
(
    [cmd] => _cart
    [business] => lqboss1020304050@gmail.com
    [no_note] => 1
    [currency_code] => USD
    [charset] => utf-8
    [rm] => 1
    [upload] => 1
    [return] => http://localhost:99/NHASACHDETAN/checkout/order-received/513/?key=wc_order_WFMbZz7c4XeB3&utm_nooverride=1
    [cancel_return] => http://localhost:99/NHASACHDETAN/cart/?cancel_order=true&order=wc_order_WFMbZz7c4XeB3&order_id=513&redirect&_wpnonce=8a226f3914
    [page_style] => 
    [image_url] => 
    [paymentaction] => sale
    [invoice] => WC-513
    [custom] => {"order_id":513,"order_key":"wc_order_WFMbZz7c4XeB3"}
    [notify_url] => http://localhost:99/NHASACHDETAN/wc-api/WC_Gateway_Paypal/
    [first_name] => ***
    [last_name] => ***
    [address1] => ***
    [address2] => ***
    [city] => ***
    [state] => ***
    [zip] => ***
    [country] => ***
    [email] => ***@***
    [night_phone_a] => ***
    [night_phone_b] => ***
    [address_override] => 0
    [no_shipping] => 0
    [tax_cart] => 0.00
    [discount_amount_cart] => 20000.00
    [item_name_1] => Lập trình scratch
    [quantity_1] => 1
    [amount_1] => 100000
    [item_number_1] => 
    [bn] => WooThemes_Cart
)

